---
2022-11-01 06:06:38
[Skipped] Simple string check found a possible female MP name '김정', but `conf.describe` confirms no female MP speaker was there:

2019-10-17_20.371.X4.338.pdf


---
2022-11-01 06:07:12
[Skipped] Simple string check found a possible female MP name '김정', but `conf.describe` confirms no female MP speaker was there:

2019-10-15_20.371.X5.337.pdf


---
2022-11-01 06:12:46
[Skipped] Simple string check found a possible female MP name '문희', but `conf.describe` confirms no female MP speaker was there:

2019-06-24_20.369.01.10.pdf


---
2022-11-01 06:15:53
[Skipped] Simple string check found a possible female MP name '문희', but `conf.describe` confirms no female MP speaker was there:

2019-07-03_20.369.03.10.pdf


---
2022-11-01 06:18:18
[Skipped] Simple string check found a possible female MP name '문희', but `conf.describe` confirms no female MP speaker was there:

2019-09-02_20.371.00.10.pdf


---
2022-11-01 06:19:51
[Skipped] Simple string check found a possible female MP name '문희', but `conf.describe` confirms no female MP speaker was there:

2019-03-07_20.367.00.10.pdf


---
2022-11-01 06:21:47
[Skipped] Simple string check found a possible female MP name '김정', but `conf.describe` confirms no female MP speaker was there:

2019-08-21_20.370.02.337.pdf


---
2022-11-01 06:23:59
[Skipped] Simple string check found a possible female MP name '김현', but `conf.describe` confirms no female MP speaker was there:

2019-11-20_20.371.11.353.pdf


---
2022-11-01 06:27:12
[Skipped] Simple string check found a possible female MP name '김정', but `conf.describe` confirms no female MP speaker was there:

2019-10-17_20.371.X6.338.pdf


---
2022-11-01 06:33:51
[Skipped] Simple string check found a possible female MP name '김현', but `conf.describe` confirms no female MP speaker was there:

2019-07-15_20.369.02.353.pdf


---
2022-11-01 06:34:54
[Skipped] Simple string check found a possible female MP name '김정', but `conf.describe` confirms no female MP speaker was there:

2019-07-03_20.369.01.337.pdf


---
2022-11-01 06:36:52
[Skipped] Simple string check found a possible female MP name '문희', but `conf.describe` confirms no female MP speaker was there:

2019-03-20_20.367.06.10.pdf


---
2022-11-01 06:38:01
[Skipped] Simple string check found a possible female MP name '문희', but `conf.describe` confirms no female MP speaker was there:

2019-03-07_20.367.01.10.pdf


---
2022-11-01 06:41:46
[Skipped] Simple string check found a possible female MP name '문희', but `conf.describe` confirms no female MP speaker was there:

2019-03-11_20.367.02.10.pdf


---
2022-11-01 06:41:51
[Skipped] Simple string check found a possible female MP name '김현', but `conf.describe` confirms no female MP speaker was there:

2019-04-05_20.367.05.353.pdf


---
2022-11-01 06:41:51
[Skipped] Simple string check found a possible female MP name '문희', but `conf.describe` confirms no female MP speaker was there:

2019-09-02_20.371.01.10.pdf


---
2022-11-01 06:46:18
[Skipped] Simple string check found a possible female MP name '김정', but `conf.describe` confirms no female MP speaker was there:

2019-10-17_20.371.X3.338.pdf


---
2022-11-01 06:47:15
[Skipped] Simple string check found a possible female MP name '김정', but `conf.describe` confirms no female MP speaker was there:

2019-10-10_20.371.X2.337.pdf


---
2022-11-01 06:50:26
[Skipped] Simple string check found a possible female MP name '강은희', but `conf.describe` confirms no female MP speaker was there:

2019-10-14_20.371.X3.358.pdf


---
2022-11-01 06:59:40
[Skipped] Simple string check found a possible female MP name '김정', but `conf.describe` confirms no female MP speaker was there:

2019-11-29_20.371.04.338.pdf


---
2022-11-01 07:02:43
[Skipped] Simple string check found a possible female MP name '김정', but `conf.describe` confirms no female MP speaker was there:

2019-03-29_20.367.03.338.pdf


---
2022-11-01 07:03:42
[Skipped] Simple string check found a possible female MP name '문희', but `conf.describe` confirms no female MP speaker was there:

2019-10-22_20.371.06.10.pdf


---
2022-11-01 07:06:09
[Skipped] Simple string check found a possible female MP name '김현', but `conf.describe` confirms no female MP speaker was there:

2019-10-31_20.371.09.21.pdf


---
2022-11-01 07:06:39
[Skipped] Simple string check found a possible female MP name '문희', but `conf.describe` confirms no female MP speaker was there:

2019-09-27_20.371.03.10.pdf


---
2022-11-01 07:08:38
[Skipped] Simple string check found a possible female MP name '문희', but `conf.describe` confirms no female MP speaker was there:

2019-09-26_20.371.02.10.pdf


---
2022-11-01 07:09:04
[Skipped] Simple string check found a possible female MP name '김정', but `conf.describe` confirms no female MP speaker was there:

2019-11-19_20.371.09.326.pdf


---
2022-11-01 07:09:19
[Skipped] Simple string check found a possible female MP name '김현', but `conf.describe` confirms no female MP speaker was there:

2019-09-24_20.371.01.353.pdf


---
2022-11-01 07:10:00
[Skipped] Simple string check found a possible female MP name '문희', but `conf.describe` confirms no female MP speaker was there:

2019-10-30_20.371.09.10.pdf


