---
2022-10-31 22:02:34
[Skipped] Simple string check found a possible female MP name '이영', but `conf.describe` confirms no female MP speaker was there:

2006-07-20_17.260.05.331.pdf


---
2022-10-31 22:09:26
[Skipped] Simple string check found a possible female MP name '김정', but `conf.describe` confirms no female MP speaker was there:

2006-09-12_17.262.07.4CV.pdf


---
2022-10-31 22:10:16
[Skipped] Simple string check found a possible female MP name '김현', but `conf.describe` confirms no female MP speaker was there:

2006-12-19_17.263.02.323.pdf


---
2022-10-31 22:12:03
[Skipped] Simple string check found a possible female MP name '이영', but `conf.describe` confirms no female MP speaker was there:

2006-03-23_17.258.04.331.pdf


---
2022-10-31 22:17:28
[Skipped] Simple string check found a possible female MP name '이영', but `conf.describe` confirms no female MP speaker was there:

2006-06-30_17.260.03.10.pdf


---
2022-10-31 22:17:49
[Skipped] Simple string check found a possible female MP name '이영', but `conf.describe` confirms no female MP speaker was there:

2006-09-20_17.262.02.331.pdf


---
2022-10-31 22:23:36
[Skipped] Simple string check found a possible female MP name '이영', but `conf.describe` confirms no female MP speaker was there:

2006-12-13_17.263.01.331.pdf


---
2022-10-31 22:26:58
[Skipped] Simple string check found a possible female MP name '이영', but `conf.describe` confirms no female MP speaker was there:

2006-04-18_17.259.02.331.pdf


---
2022-10-31 22:33:32
[Skipped] Simple string check found a possible female MP name '김정', but `conf.describe` confirms no female MP speaker was there:

2006-08-21_17.261.01.328.pdf


---
2022-10-31 22:39:05
[Skipped] Simple string check found a possible female MP name '이영', but `conf.describe` confirms no female MP speaker was there:

2006-02-24_17.258.08.10.pdf


---
2022-10-31 22:42:20
[Skipped] Simple string check found a possible female MP name '김정', but `conf.describe` confirms no female MP speaker was there:

2006-09-07_17.262.04.4CV.pdf


---
2022-10-31 22:49:58
[Skipped] Simple string check found a possible female MP name '이영', but `conf.describe` confirms no female MP speaker was there:

2006-08-29_17.261.01.4AW.pdf


---
2022-10-31 22:51:51
[Skipped] Simple string check found a possible female MP name '이영', but `conf.describe` confirms no female MP speaker was there:

2006-02-14_17.258.02.331.pdf


---
2022-10-31 22:56:49
[Skipped] Simple string check found a possible female MP name '이영', but `conf.describe` confirms no female MP speaker was there:

2006-11-01_17.262.53.331.pdf


---
2022-10-31 22:57:06
[Skipped] Simple string check found a possible female MP name '이영', but `conf.describe` confirms no female MP speaker was there:

2006-02-10_17.258.02.325.pdf


---
2022-10-31 22:57:26
[Skipped] Simple string check found a possible female MP name '이재정', but `conf.describe` confirms no female MP speaker was there:

2006-11-17_17.262.11.323.pdf


---
2022-10-31 23:03:37
[Skipped] Simple string check found a possible female MP name '이영', but `conf.describe` confirms no female MP speaker was there:

2006-11-20_17.262.07.331.pdf


---
2022-10-31 23:11:15
[Skipped] Simple string check found a possible female MP name '이영', but `conf.describe` confirms no female MP speaker was there:

2006-02-13_17.258.01.335.pdf


---
2022-10-31 23:14:19
[Skipped] Simple string check found a possible female MP name '김정', but `conf.describe` confirms no female MP speaker was there:

2006-09-11_17.262.06.4CV.pdf


---
2022-10-31 23:16:03
[Skipped] Simple string check found a possible female MP name '김현', but `conf.describe` confirms no female MP speaker was there:

2006-11-16_17.262.09.334.pdf


---
2022-10-31 23:16:21
[Skipped] Simple string check found a possible female MP name '이영', but `conf.describe` confirms no female MP speaker was there:

2006-02-13_17.258.01.331.pdf


---
2022-10-31 23:20:53
[Skipped] Simple string check found a possible female MP name '이영', but `conf.describe` confirms no female MP speaker was there:

2006-10-31_17.262.52.331.pdf


---
2022-10-31 23:27:12
[Skipped] Simple string check found a possible female MP name '이영', but `conf.describe` confirms no female MP speaker was there:

2006-11-21_17.262.08.331.pdf


---
2022-10-31 23:34:52
[Skipped] Simple string check found a possible female MP name '김정', but `conf.describe` confirms no female MP speaker was there:

2006-04-24_17.259.01.21.pdf


---
2022-10-31 23:40:22
[Skipped] Simple string check found a possible female MP name '김정', but `conf.describe` confirms no female MP speaker was there:

2006-11-29_17.262.13.326.pdf


---
2022-10-31 23:40:54
[Skipped] Simple string check found a possible female MP name '김정', but `conf.describe` confirms no female MP speaker was there:

2006-09-12_17.262.01.328.pdf


---
2022-10-31 23:41:16
[Skipped] Simple string check found a possible female MP name '이영', but `conf.describe` confirms no female MP speaker was there:

2006-11-23_17.262.09.331.pdf


---
2022-10-31 23:41:43
[Skipped] Simple string check found a possible female MP name '김정', but `conf.describe` confirms no female MP speaker was there:

2006-09-06_17.262.03.4CV.pdf


---
2022-10-31 23:48:55
[Skipped] Simple string check found a possible female MP name '이영', but `conf.describe` confirms no female MP speaker was there:

2006-06-22_17.260.02.331.pdf


---
2022-10-31 23:49:17
[Skipped] Simple string check found a possible female MP name '김현', but `conf.describe` confirms no female MP speaker was there:

2006-09-27_17.262.06.329.pdf


---
2022-10-31 23:49:43
[Skipped] Simple string check found a possible female MP name '김정', but `conf.describe` confirms no female MP speaker was there:

2006-11-08_17.262.09.328.pdf


---
2022-10-31 23:51:25
[Skipped] Simple string check found a possible female MP name '이영', but `conf.describe` confirms no female MP speaker was there:

2006-11-17_17.262.19.325.pdf


---
2022-10-31 23:51:38
[Skipped] Simple string check found a possible female MP name '김정', but `conf.describe` confirms no female MP speaker was there:

2006-09-08_17.262.05.4CV.pdf


---
2022-11-01 00:00:28
[Skipped] Simple string check found a possible female MP name '이영', but `conf.describe` confirms no female MP speaker was there:

2006-10-18_17.262.51.331.pdf


---
2022-11-01 00:06:18
[Skipped] Simple string check found a possible female MP name '이영', but `conf.describe` confirms no female MP speaker was there:

2006-04-14_17.259.01.331.pdf


---
2022-11-01 00:08:34
[Skipped] Simple string check found a possible female MP name '김정', but `conf.describe` confirms no female MP speaker was there:

2006-09-18_17.262.02.328.pdf


---
2022-11-01 00:09:27
[Skipped] Simple string check found a possible female MP name '김정', but `conf.describe` confirms no female MP speaker was there:

2006-08-29_17.261.03.328.pdf


---
2022-11-01 00:13:10
[Skipped] Simple string check found a possible female MP name '문용주', but `conf.describe` confirms no female MP speaker was there:

2006-12-22_17.263.01.324.pdf


---
2022-11-01 00:16:16
[Skipped] Simple string check found a possible female MP name '이영', but `conf.describe` confirms no female MP speaker was there:

2006-11-27_17.262.10.331.pdf


---
2022-11-01 00:22:01
[Skipped] Simple string check found a possible female MP name '김정', but `conf.describe` confirms no female MP speaker was there:

2006-11-03_17.262.06.332.pdf


---
2022-11-01 00:24:48
[Skipped] Simple string check found a possible female MP name '이영', but `conf.describe` confirms no female MP speaker was there:

2006-09-18_17.262.01.331.pdf


---
2022-11-01 00:25:11
[Skipped] Simple string check found a possible female MP name '김현', but `conf.describe` confirms no female MP speaker was there:

2006-07-07_17.260.06.323.pdf


