---
2022-11-12 18:29:29
[Skipped] Simple string check found a possible female MP name '김영선', but `conf.describe` confirms no female MP speaker was there:

1999-12-28_15.209.01.10.pdf


---
2022-11-12 18:31:46
[Skipped] Simple string check found a possible female MP name '김정', but `conf.describe` confirms no female MP speaker was there:

1999-07-02_15.205.04.10.pdf


---
2022-11-12 18:36:29
[Skipped] Simple string check found a possible female MP name '김모임', but `conf.describe` confirms no female MP speaker was there:

1999-04-21_15.203.01.21.pdf


---
2022-11-12 18:37:35
[Skipped] Simple string check found a possible female MP name '김정', but `conf.describe` confirms no female MP speaker was there:

1999-10-25_15.208.09.10.pdf


---
2022-11-12 18:39:02
[Skipped] Simple string check found a possible female MP name '김명자', but `conf.describe` confirms no female MP speaker was there:

1999-06-29_15.205.01.10.pdf


---
2022-11-12 18:41:10
[Skipped] Simple string check found a possible female MP name '김정', but `conf.describe` confirms no female MP speaker was there:

1999-11-22_15.208.04.21.pdf


