---
2022-11-01 01:51:58
[Skipped] Simple string check found a possible female MP name '김정', but `conf.describe` confirms no female MP speaker was there:

2012-11-15_19.311.15.326.pdf


---
2022-11-01 01:52:38
[Skipped] Simple string check found a possible female MP name '김정', but `conf.describe` confirms no female MP speaker was there:

2012-09-27_19.311.04.326.pdf


---
2022-11-01 01:55:09
[Skipped] Simple string check found a possible female MP name '김영주', but `conf.describe` confirms no female MP speaker was there:

2012-11-06_19.311.08.345.pdf


---
2022-11-01 02:01:15
[Skipped] Simple string check found a possible female MP name '김정', but `conf.describe` confirms no female MP speaker was there:

2012-10-09_19.311.07.326.pdf


---
2022-11-01 02:03:47
[Skipped] Simple string check found a possible female MP name '김정', but `conf.describe` confirms no female MP speaker was there:

2012-10-24_19.311.10.326.pdf


---
2022-11-01 02:10:20
[Skipped] Simple string check found a possible female MP name '김정', but `conf.describe` confirms no female MP speaker was there:

2012-10-11_19.311.08.326.pdf


---
2022-11-01 02:11:18
[Skipped] Simple string check found a possible female MP name '김정', but `conf.describe` confirms no female MP speaker was there:

2012-09-12_19.311.01.326.pdf


---
2022-11-01 02:16:21
[Skipped] Simple string check found a possible female MP name '김영주', but `conf.describe` confirms no female MP speaker was there:

2012-11-12_19.311.10.345.pdf


---
2022-11-01 02:21:34
[Skipped] Simple string check found a possible female MP name '김정', but `conf.describe` confirms no female MP speaker was there:

2012-10-23_19.311.09.326.pdf


---
2022-11-01 02:39:36
[Skipped] Simple string check found a possible female MP name '김정', but `conf.describe` confirms no female MP speaker was there:

2012-10-08_19.311.06.326.pdf


---
2022-11-01 02:44:41
[Skipped] Simple string check found a possible female MP name '이영희', but `conf.describe` confirms no female MP speaker was there:

2012-09-21_19.311.03.4EG.pdf


