---
2022-11-01 07:14:39
[Skipped] Simple string check found a possible female MP name '김현', but `conf.describe` confirms no female MP speaker was there:

2020-10-22_21.382.A6.359.pdf


---
2022-11-01 07:14:54
[Skipped] Simple string check found a possible female MP name '이정희', but `conf.describe` confirms no female MP speaker was there:

2020-10-22_21.382.A5.338.pdf


---
2022-11-01 07:15:14
[Skipped] Simple string check found a possible female MP name '김진애', but `conf.describe` confirms no female MP speaker was there:

2020-06-29_21.379.01.324.pdf


---
2022-11-01 07:17:02
[Skipped] Simple string check found a possible female MP name '윤희숙', but `conf.describe` confirms no female MP speaker was there:

2020-08-19_21.381.01.338.pdf


---
2022-11-01 07:17:20
[Skipped] Simple string check found a possible female MP name '유은혜', but `conf.describe` confirms no female MP speaker was there:

2020-07-28_21.380.01.358.pdf


---
2022-11-01 07:19:33
[Skipped] Simple string check found a possible female MP name '김진애', but `conf.describe` confirms no female MP speaker was there:

2020-11-13_21.382.04.324.pdf


---
2022-11-01 07:19:51
[Skipped] Simple string check found a possible female MP name '문희', but `conf.describe` confirms no female MP speaker was there:

2020-02-19_20.376.02.10.pdf


---
2022-11-01 07:20:03
[Skipped] Simple string check found a possible female MP name '박혜자', but `conf.describe` confirms no female MP speaker was there:

2020-10-13_21.382.A2.358.pdf


---
2022-11-01 07:20:38
[Skipped] Simple string check found a possible female MP name '박영선', but `conf.describe` confirms no female MP speaker was there:

2020-10-29_21.382.10.355.pdf


---
2022-11-01 07:20:58
[Skipped] Simple string check found a possible female MP name '유은혜', but `conf.describe` confirms no female MP speaker was there:

2020-08-25_21.381.01.358.pdf


---
2022-11-01 07:22:42
[Skipped] Simple string check found a possible female MP name '박영선', but `conf.describe` confirms no female MP speaker was there:

2020-11-19_21.382.12.355.pdf


---
2022-11-01 07:22:55
[Skipped] Simple string check found a possible female MP name '유은혜', but `conf.describe` confirms no female MP speaker was there:

2020-11-12_21.382.06.358.pdf


---
2022-11-01 07:23:44
[Skipped] Simple string check found a possible female MP name '윤희숙', but `conf.describe` confirms no female MP speaker was there:

2020-11-03_21.382.06.338.pdf


---
2022-11-01 07:25:07
[Skipped] Simple string check found a possible female MP name '문희', but `conf.describe` confirms no female MP speaker was there:

2020-02-20_20.376.03.10.pdf


---
2022-11-01 07:25:13
[Skipped] Simple string check found a possible female MP name '윤희숙', but `conf.describe` confirms no female MP speaker was there:

2020-10-20_21.382.X2.338.pdf


---
2022-11-01 07:25:18
[Skipped] Simple string check found a possible female MP name '유은혜', but `conf.describe` confirms no female MP speaker was there:

2020-11-26_21.382.07.358.pdf


---
2022-11-01 07:25:47
[Skipped] Simple string check found a possible female MP name '신명', but `conf.describe` confirms no female MP speaker was there:

2020-07-29_21.380.03.353.pdf


---
2022-11-01 07:26:00
[Skipped] Simple string check found a possible female MP name '김현', but `conf.describe` confirms no female MP speaker was there:

2020-10-07_21.382.A1.353.pdf


---
2022-11-01 07:27:27
[Skipped] Simple string check found a possible female MP name '추미애', but `conf.describe` confirms no female MP speaker was there:

2020-11-12_21.382.10.21.pdf


---
2022-11-01 07:27:34
[Skipped] Simple string check found a possible female MP name '김현', but `conf.describe` confirms no female MP speaker was there:

2020-11-13_21.382.08.353.pdf


---
2022-11-01 07:29:47
[Skipped] Simple string check found a possible female MP name '추미애', but `conf.describe` confirms no female MP speaker was there:

2020-10-29_21.382.11.10.pdf


---
2022-11-01 07:32:00
[Skipped] Simple string check found a possible female MP name '김진애', but `conf.describe` confirms no female MP speaker was there:

2020-11-06_21.382.07.338.pdf


---
2022-11-01 07:34:48
[Skipped] Simple string check found a possible female MP name '김현', but `conf.describe` confirms no female MP speaker was there:

2020-06-29_21.379.02.338.pdf


---
2022-11-01 07:35:00
[Skipped] Simple string check found a possible female MP name '윤희숙', but `conf.describe` confirms no female MP speaker was there:

2020-10-12_21.382.X6.338.pdf


---
2022-11-01 07:35:09
[Skipped] Simple string check found a possible female MP name '이영', but `conf.describe` confirms no female MP speaker was there:

2020-07-06_21.380.01.359.pdf


---
2022-11-01 07:36:27
[Skipped] Simple string check found a possible female MP name '박영선', but `conf.describe` confirms no female MP speaker was there:

2020-06-17_21.379.02.355.pdf


---
2022-11-01 07:36:36
[Skipped] Simple string check found a possible female MP name '전현희', but `conf.describe` confirms no female MP speaker was there:

2020-06-29_21.379.01.326.pdf


---
2022-11-01 07:39:40
[Skipped] Simple string check found a possible female MP name '김현', but `conf.describe` confirms no female MP speaker was there:

2020-10-23_21.382.A9.353.pdf


---
2022-11-01 07:40:39
[Skipped] Simple string check found a possible female MP name '문희', but `conf.describe` confirms no female MP speaker was there:

2020-05-08_20.377.04.10.pdf


---
2022-11-01 07:41:36
[Skipped] Simple string check found a possible female MP name '윤희숙', but `conf.describe` confirms no female MP speaker was there:

2020-10-19_21.382.A4.338.pdf


---
2022-11-01 07:42:54
[Skipped] Simple string check found a possible female MP name '문희', but `conf.describe` confirms no female MP speaker was there:

2020-01-13_20.375.01.10.pdf


---
2022-11-01 07:45:01
[Skipped] Simple string check found a possible female MP name '김현', but `conf.describe` confirms no female MP speaker was there:

2020-08-24_21.381.01.353.pdf


---
2022-11-01 07:47:01
[Skipped] Simple string check found a possible female MP name '윤희숙', but `conf.describe` confirms no female MP speaker was there:

2020-08-20_21.381.02.338.pdf


---
2022-11-01 07:47:05
[Skipped] Simple string check found a possible female MP name '유은혜', but `conf.describe` confirms no female MP speaker was there:

2020-08-31_21.381.02.358.pdf


---
2022-11-01 07:47:27
[Skipped] Simple string check found a possible female MP name '박혜자', but `conf.describe` confirms no female MP speaker was there:

2020-07-29_21.380.02.358.pdf


---
2022-11-01 07:47:40
[Skipped] Simple string check found a possible female MP name '김현', but `conf.describe` confirms no female MP speaker was there:

2020-06-29_21.379.01.353.pdf


---
2022-11-01 07:47:58
[Skipped] Simple string check found a possible female MP name '전현희', but `conf.describe` confirms no female MP speaker was there:

2020-12-09_21.382.10.326.pdf


---
2022-11-01 07:48:04
[Skipped] Simple string check found a possible female MP name '유은혜', but `conf.describe` confirms no female MP speaker was there:

2020-11-10_21.382.05.358.pdf


---
2022-11-01 07:49:15
[Skipped] Simple string check found a possible female MP name '이영', but `conf.describe` confirms no female MP speaker was there:

2020-10-08_21.382.V2.337.pdf


---
2022-11-01 07:49:57
[Skipped] Simple string check found a possible female MP name '김정', but `conf.describe` confirms no female MP speaker was there:

2020-12-07_21.382.15.355.pdf


---
2022-11-01 07:50:07
[Skipped] Simple string check found a possible female MP name '전현희', but `conf.describe` confirms no female MP speaker was there:

2020-09-21_21.382.02.326.pdf


---
2022-11-01 07:51:03
[Skipped] Simple string check found a possible female MP name '유은혜', but `conf.describe` confirms no female MP speaker was there:

2020-12-02_21.382.13.325.pdf


---
2022-11-01 07:51:16
[Skipped] Simple string check found a possible female MP name '윤희숙', but `conf.describe` confirms no female MP speaker was there:

2020-08-24_21.381.03.338.pdf


---
2022-11-01 07:51:53
[Skipped] Simple string check found a possible female MP name '유은혜', but `conf.describe` confirms no female MP speaker was there:

2020-09-22_21.382.01.358.pdf


---
2022-11-01 07:52:16
[Skipped] Simple string check found a possible female MP name '박영선', but `conf.describe` confirms no female MP speaker was there:

2020-11-10_21.382.08.21.pdf


---
2022-11-01 07:52:36
[Skipped] Simple string check found a possible female MP name '신명', but `conf.describe` confirms no female MP speaker was there:

2020-10-12_21.382.A3.353.pdf


---
2022-11-01 07:53:10
[Skipped] Simple string check found a possible female MP name '박영선', but `conf.describe` confirms no female MP speaker was there:

2020-06-29_21.379.03.355.pdf


---
2022-11-01 07:53:20
[Skipped] Simple string check found a possible female MP name '김정', but `conf.describe` confirms no female MP speaker was there:

2020-10-07_21.382.A1.359.pdf


---
2022-11-01 07:54:00
[Skipped] Simple string check found a possible female MP name '김현', but `conf.describe` confirms no female MP speaker was there:

2020-09-24_21.382.02.353.pdf


---
2022-11-01 07:55:05
[Skipped] Simple string check found a possible female MP name '김현', but `conf.describe` confirms no female MP speaker was there:

2020-10-16_21.382.A6.353.pdf


---
2022-11-01 07:55:37
[Skipped] Simple string check found a possible female MP name '윤희숙', but `conf.describe` confirms no female MP speaker was there:

2020-10-07_21.382.X1.338.pdf


---
2022-11-01 07:55:56
[Skipped] Simple string check found a possible female MP name '김정', but `conf.describe` confirms no female MP speaker was there:

2020-10-16_21.382.A4.359.pdf


---
2022-11-01 07:56:03
[Skipped] Simple string check found a possible female MP name '김현', but `conf.describe` confirms no female MP speaker was there:

2020-08-31_21.381.02.353.pdf


---
2022-11-01 07:58:01
[Skipped] Simple string check found a possible female MP name '김정', but `conf.describe` confirms no female MP speaker was there:

2020-10-20_21.382.A7.353.pdf


---
2022-11-01 07:58:12
[Skipped] Simple string check found a possible female MP name '윤희숙', but `conf.describe` confirms no female MP speaker was there:

2020-07-28_21.380.02.338.pdf


---
2022-11-01 07:58:35
[Skipped] Simple string check found a possible female MP name '윤희숙', but `conf.describe` confirms no female MP speaker was there:

2020-10-16_21.382.A3.338.pdf


---
2022-11-01 07:59:52
[Skipped] Simple string check found a possible female MP name '윤희숙', but `conf.describe` confirms no female MP speaker was there:

2020-10-14_21.382.A2.338.pdf


---
2022-11-01 08:00:25
[Skipped] Simple string check found a possible female MP name '이승복', but `conf.describe` confirms no female MP speaker was there:

2020-10-19_21.382.X1.358.pdf


---
2022-11-01 08:00:42
[Skipped] Simple string check found a possible female MP name '윤희숙', but `conf.describe` confirms no female MP speaker was there:

2020-11-30_21.382.08.338.pdf


---
2022-11-01 08:01:36
[Skipped] Simple string check found a possible female MP name '김현', but `conf.describe` confirms no female MP speaker was there:

2020-11-05_21.382.07.353.pdf


---
2022-11-01 08:01:59
[Skipped] Simple string check found a possible female MP name '박영선', but `conf.describe` confirms no female MP speaker was there:

2020-09-16_21.382.03.355.pdf


---
2022-11-01 08:02:00
[Skipped] Simple string check found a possible female MP name '문희', but `conf.describe` confirms no female MP speaker was there:

2020-04-20_20.377.01.10.pdf


---
2022-11-01 08:02:07
[Skipped] Simple string check found a possible female MP name '윤희숙', but `conf.describe` confirms no female MP speaker was there:

2020-10-20_21.382.X4.338.pdf


---
2022-11-01 08:02:21
[Skipped] Simple string check found a possible female MP name '윤희숙', but `conf.describe` confirms no female MP speaker was there:

2020-10-23_21.382.A6.338.pdf


---
2022-11-01 08:02:24
[Skipped] Simple string check found a possible female MP name '문희', but `conf.describe` confirms no female MP speaker was there:

2020-03-17_20.376.11.10.pdf


---
2022-11-01 08:03:02
[Skipped] Simple string check found a possible female MP name '김현', but `conf.describe` confirms no female MP speaker was there:

2020-09-24_21.382.03.359.pdf


---
2022-11-01 08:03:55
[Skipped] Simple string check found a possible female MP name '백혜련', but `conf.describe` confirms no female MP speaker was there:

2020-09-07_21.382.02.10.pdf


---
2022-11-01 08:05:05
[Skipped] Simple string check found a possible female MP name '김현', but `conf.describe` confirms no female MP speaker was there:

2020-07-27_21.380.01.353.pdf


---
2022-11-01 08:05:40
[Skipped] Simple string check found a possible female MP name '박영선', but `conf.describe` confirms no female MP speaker was there:

2020-09-24_21.382.05.355.pdf


---
2022-11-01 08:05:55
[Skipped] Simple string check found a possible female MP name '박영선', but `conf.describe` confirms no female MP speaker was there:

2020-09-01_21.382.01.355.pdf


---
2022-11-01 08:05:58
[Skipped] Simple string check found a possible female MP name '전현희', but `conf.describe` confirms no female MP speaker was there:

2020-08-31_21.381.02.326.pdf


---
2022-11-01 08:06:03
[Skipped] Simple string check found a possible female MP name '강은희', but `conf.describe` confirms no female MP speaker was there:

2020-10-19_21.382.X2.358.pdf


---
2022-11-01 08:06:31
[Skipped] Simple string check found a possible female MP name '유은혜', but `conf.describe` confirms no female MP speaker was there:

2020-10-26_21.382.A5.358.pdf


---
2022-11-01 08:06:37
[Skipped] Simple string check found a possible female MP name '박영선', but `conf.describe` confirms no female MP speaker was there:

2020-07-29_21.380.02.355.pdf


---
2022-11-01 08:06:57
[Skipped] Simple string check found a possible female MP name '김진애', but `conf.describe` confirms no female MP speaker was there:

2020-11-17_21.382.05.324.pdf


---
2022-11-01 08:07:38
[Skipped] Simple string check found a possible female MP name '윤희숙', but `conf.describe` confirms no female MP speaker was there:

2020-10-08_21.382.A1.338.pdf


---
2022-11-01 08:08:25
[Skipped] Simple string check found a possible female MP name '이영', but `conf.describe` confirms no female MP speaker was there:

2020-10-07_21.382.V1.337.pdf


---
2022-11-01 08:08:32
[Skipped] Simple string check found a possible female MP name '박영선', but `conf.describe` confirms no female MP speaker was there:

2020-11-12_21.382.11.355.pdf


---
2022-11-01 08:08:36
[Skipped] Simple string check found a possible female MP name '김현', but `conf.describe` confirms no female MP speaker was there:

2020-11-19_21.382.09.353.pdf


---
2022-11-01 08:09:24
[Skipped] Simple string check found a possible female MP name '유은혜', but `conf.describe` confirms no female MP speaker was there:

2020-06-29_21.379.01.358.pdf


---
2022-11-01 08:10:14
[Skipped] Simple string check found a possible female MP name '김현', but `conf.describe` confirms no female MP speaker was there:

2020-03-05_20.376.02.353.pdf


---
2022-11-01 08:15:01
[Skipped] Simple string check found a possible female MP name '유은혜', but `conf.describe` confirms no female MP speaker was there:

2020-10-07_21.382.A1.358.pdf


---
2022-11-01 08:16:26
[Skipped] Simple string check found a possible female MP name '이영', but `conf.describe` confirms no female MP speaker was there:

2020-10-15_21.382.A5.353.pdf


---
2022-11-01 08:18:19
[Skipped] Simple string check found a possible female MP name '김현', but `conf.describe` confirms no female MP speaker was there:

2020-11-26_21.382.11.359.pdf


