---
2022-11-01 02:18:20
[Skipped] Simple string check found a possible female MP name '문희', but `conf.describe` confirms no female MP speaker was there:

2013-10-30_19.320.X3.350.pdf


---
2022-11-01 02:45:08
[Skipped] Simple string check found a possible female MP name '김정', but `conf.describe` confirms no female MP speaker was there:

2013-10-18_19.320.06.326.pdf


---
2022-11-01 02:48:31
[Skipped] Simple string check found a possible female MP name '김정', but `conf.describe` confirms no female MP speaker was there:

2013-03-04_19.313.01.326.pdf


---
2022-11-01 02:51:58
[Skipped] Simple string check found a possible female MP name '김정', but `conf.describe` confirms no female MP speaker was there:

2013-10-14_19.320.04.326.pdf


---
2022-11-01 03:01:52
[Skipped] Simple string check found a possible female MP name '김정', but `conf.describe` confirms no female MP speaker was there:

2013-10-31_19.320.08.326.pdf


---
2022-11-01 03:07:00
[Skipped] Simple string check found a possible female MP name '정옥임', but `conf.describe` confirms no female MP speaker was there:

2013-12-10_19.320.05.348.pdf


---
2022-11-01 03:10:38
[Skipped] Simple string check found a possible female MP name '김정', but `conf.describe` confirms no female MP speaker was there:

2013-10-29_19.320.07.326.pdf


---
2022-11-01 03:11:11
[Skipped] Simple string check found a possible female MP name '김정', but `conf.describe` confirms no female MP speaker was there:

2013-10-15_19.320.05.326.pdf


---
2022-11-01 03:19:25
[Skipped] Simple string check found a possible female MP name '조윤선', but `conf.describe` confirms no female MP speaker was there:

2013-04-11_19.315.01.10.pdf


---
2022-11-01 03:21:23
[Skipped] Simple string check found a possible female MP name '문희', but `conf.describe` confirms no female MP speaker was there:

2013-10-29_19.320.X5.350.pdf


---
2022-11-01 03:24:59
[Skipped] Simple string check found a possible female MP name '문희', but `conf.describe` confirms no female MP speaker was there:

2013-10-30_19.320.X7.350.pdf


