---
2022-11-12 18:57:25
[Skipped] Simple string check found a possible female MP name '박근혜', but `conf.describe` confirms no female MP speaker was there:

2003-12-18_16.244.02.322.pdf


---
2022-11-12 18:57:48
[Skipped] Simple string check found a possible female MP name '허운나', but `conf.describe` confirms no female MP speaker was there:

2003-09-25_16.243.21.322.pdf


---
2022-11-12 18:57:56
[Skipped] Simple string check found a possible female MP name '허운나', but `conf.describe` confirms no female MP speaker was there:

2003-10-06_16.243.23.322.pdf


---
2022-11-12 18:58:46
[Skipped] Simple string check found a possible female MP name '김정', but `conf.describe` confirms no female MP speaker was there:

2003-11-20_16.243.18.21.pdf


---
2022-11-12 19:00:47
[Skipped] Simple string check found a possible female MP name '허운나', but `conf.describe` confirms no female MP speaker was there:

2003-06-16_16.240.01.322.pdf


---
2022-11-12 19:01:36
[Skipped] Simple string check found a possible female MP name '허운나', but `conf.describe` confirms no female MP speaker was there:

2003-04-18_16.238.04.322.pdf


---
2022-11-12 19:01:50
[Skipped] Simple string check found a possible female MP name '김영선', but `conf.describe` confirms no female MP speaker was there:

2003-10-29_16.243.08.322.pdf


---
2022-11-12 19:02:47
[Skipped] Simple string check found a possible female MP name '허운나', but `conf.describe` confirms no female MP speaker was there:

2003-04-14_16.238.01.322.pdf


---
2022-11-12 19:02:47
[Skipped] Simple string check found a possible female MP name '박근혜', but `conf.describe` confirms no female MP speaker was there:

2003-12-16_16.244.01.322.pdf


---
2022-11-12 19:02:55
[Skipped] Simple string check found a possible female MP name '허운나', but `conf.describe` confirms no female MP speaker was there:

2003-10-07_16.243.24.322.pdf


---
2022-11-12 19:03:25
[Skipped] Simple string check found a possible female MP name '문희', but `conf.describe` confirms no female MP speaker was there:

2003-10-30_16.243.08.21.pdf


---
2022-11-12 19:03:25
[Skipped] Simple string check found a possible female MP name '허운나', but `conf.describe` confirms no female MP speaker was there:

2003-10-02_16.243.22.322.pdf


---
2022-11-12 19:03:44
[Skipped] Simple string check found a possible female MP name '김정숙', but `conf.describe` confirms no female MP speaker was there:

2003-09-26_16.243.04.10.pdf


---
2022-11-12 19:05:16
[Skipped] Simple string check found a possible female MP name '박근혜', but `conf.describe` confirms no female MP speaker was there:

2003-08-27_16.242.01.322.pdf


---
2022-11-12 19:05:31
[Skipped] Simple string check found a possible female MP name '김정', but `conf.describe` confirms no female MP speaker was there:

2003-12-30_16.244.02.21.pdf


---
2022-11-12 19:05:31
[Skipped] Simple string check found a possible female MP name '허운나', but `conf.describe` confirms no female MP speaker was there:

2003-06-17_16.240.02.322.pdf


---
2022-11-12 19:05:54
[Skipped] Simple string check found a possible female MP name '이재정', but `conf.describe` confirms no female MP speaker was there:

2003-08-13_16.242.02.10.pdf


---
2022-11-12 19:06:27
[Skipped] Simple string check found a possible female MP name '김정', but `conf.describe` confirms no female MP speaker was there:

2003-10-15_16.243.01.21.pdf


---
2022-11-12 19:06:27
[Skipped] Simple string check found a possible female MP name '허운나', but `conf.describe` confirms no female MP speaker was there:

2003-09-17_16.243.02.322.pdf


---
2022-11-12 19:06:27
[Skipped] Simple string check found a possible female MP name '김영선', but `conf.describe` confirms no female MP speaker was there:

2003-12-27_16.244.04.322.pdf


---
2022-11-12 19:06:49
[Skipped] Simple string check found a possible female MP name '박근혜', but `conf.describe` confirms no female MP speaker was there:

2003-12-26_16.244.03.322.pdf


---
2022-11-12 19:07:38
[Skipped] Simple string check found a possible female MP name '허운나', but `conf.describe` confirms no female MP speaker was there:

2003-01-28_16.235.02.322.pdf


---
2022-11-12 19:07:39
[Skipped] Simple string check found a possible female MP name '허운나', but `conf.describe` confirms no female MP speaker was there:

2003-04-15_16.238.02.322.pdf


---
2022-11-12 19:08:31
[Skipped] Simple string check found a possible female MP name '김상희', but `conf.describe` confirms no female MP speaker was there:

2003-01-07_16.235.01.322.pdf


---
2022-11-12 19:08:57
[Skipped] Simple string check found a possible female MP name '이영', but `conf.describe` confirms no female MP speaker was there:

2003-11-17_16.243.15.21.pdf


---
2022-11-12 19:09:13
[Skipped] Simple string check found a possible female MP name '김정', but `conf.describe` confirms no female MP speaker was there:

2003-04-09_16.238.06.10.pdf


---
2022-11-12 19:10:46
[Skipped] Simple string check found a possible female MP name '이재정', but `conf.describe` confirms no female MP speaker was there:

2003-07-07_16.241.01.21.pdf


---
2022-11-12 19:10:47
[Skipped] Simple string check found a possible female MP name '허운나', but `conf.describe` confirms no female MP speaker was there:

2003-04-16_16.238.03.322.pdf


---
2022-11-12 19:10:48
[Skipped] Simple string check found a possible female MP name '박근혜', but `conf.describe` confirms no female MP speaker was there:

2003-10-28_16.243.07.322.pdf


---
2022-11-12 19:11:03
[Skipped] Simple string check found a possible female MP name '박근혜', but `conf.describe` confirms no female MP speaker was there:

2003-06-19_16.240.03.322.pdf


---
2022-11-12 19:12:00
[Skipped] Simple string check found a possible female MP name '안상현', but `conf.describe` confirms no female MP speaker was there:

2003-11-11_16.243.10.322.pdf


---
2022-11-12 19:12:28
[Skipped] Simple string check found a possible female MP name '김희선', but `conf.describe` confirms no female MP speaker was there:

2003-11-26_16.243.13.322.pdf


---
2022-11-12 19:13:00
[Skipped] Simple string check found a possible female MP name '허운나', but `conf.describe` confirms no female MP speaker was there:

2003-09-18_16.243.03.322.pdf


---
2022-11-12 19:15:57
[Skipped] Simple string check found a possible female MP name '박근혜', but `conf.describe` confirms no female MP speaker was there:

2003-11-25_16.243.12.322.pdf


---
2022-11-12 19:16:30
[Skipped] Simple string check found a possible female MP name '허운나', but `conf.describe` confirms no female MP speaker was there:

2003-09-02_16.243.01.322.pdf


---
2022-11-12 19:17:00
[Skipped] Simple string check found a possible female MP name '김정', but `conf.describe` confirms no female MP speaker was there:

2003-08-29_16.242.03.10.pdf


---
2022-11-12 19:17:00
[Skipped] Simple string check found a possible female MP name '박근혜', but `conf.describe` confirms no female MP speaker was there:

2003-10-31_16.243.09.322.pdf


---
2022-11-12 19:17:22
[Skipped] Simple string check found a possible female MP name '김정', but `conf.describe` confirms no female MP speaker was there:

2003-10-22_16.243.13.10.pdf


