---
2022-10-31 22:00:31
[Skipped] Simple string check found a possible female MP name '이영', but `conf.describe` confirms no female MP speaker was there:

2007-10-18_17.269.A1.331.pdf


---
2022-10-31 22:01:07
[Skipped] Simple string check found a possible female MP name '이영', but `conf.describe` confirms no female MP speaker was there:

2007-06-29_17.268.10.325.pdf


---
2022-10-31 22:03:24
[Skipped] Simple string check found a possible female MP name '이영', but `conf.describe` confirms no female MP speaker was there:

2007-06-27_17.268.08.325.pdf


---
2022-10-31 22:03:43
[Skipped] Simple string check found a possible female MP name '이영', but `conf.describe` confirms no female MP speaker was there:

2007-10-23_17.269.53.331.pdf


---
2022-10-31 22:06:13
[Skipped] Simple string check found a possible female MP name '김정', but `conf.describe` confirms no female MP speaker was there:

2007-04-27_17.267.02.314.pdf


---
2022-10-31 22:08:08
[Skipped] Simple string check found a possible female MP name '이영', but `conf.describe` confirms no female MP speaker was there:

2007-10-11_17.269.05.331.pdf


---
2022-10-31 22:11:16
[Skipped] Simple string check found a possible female MP name '이영', but `conf.describe` confirms no female MP speaker was there:

2007-03-22_17.266.01.331.pdf


---
2022-10-31 22:17:40
[Skipped] Simple string check found a possible female MP name '김현', but `conf.describe` confirms no female MP speaker was there:

2007-02-20_17.265.01.323.pdf


---
2022-10-31 22:23:32
[Skipped] Simple string check found a possible female MP name '이영', but `conf.describe` confirms no female MP speaker was there:

2007-11-01_17.269.55.331.pdf


---
2022-10-31 22:24:41
[Skipped] Simple string check found a possible female MP name '이영', but `conf.describe` confirms no female MP speaker was there:

2007-04-20_17.267.03.331.pdf


---
2022-10-31 22:25:42
[Skipped] Simple string check found a possible female MP name '이재정', but `conf.describe` confirms no female MP speaker was there:

2007-04-13_17.267.03.323.pdf


---
2022-10-31 22:26:12
[Skipped] Simple string check found a possible female MP name '이영', but `conf.describe` confirms no female MP speaker was there:

2007-10-22_17.269.52.331.pdf


---
2022-10-31 22:27:22
[Skipped] Simple string check found a possible female MP name '이재정', but `conf.describe` confirms no female MP speaker was there:

2007-11-06_17.269.08.323.pdf


---
2022-10-31 22:30:16
[Skipped] Simple string check found a possible female MP name '김현', but `conf.describe` confirms no female MP speaker was there:

2007-02-27_17.265.03.332.pdf


---
2022-10-31 22:38:18
[Skipped] Simple string check found a possible female MP name '김현', but `conf.describe` confirms no female MP speaker was there:

2007-03-14_17.266.01.323.pdf


---
2022-10-31 22:39:49
[Skipped] Simple string check found a possible female MP name '이영', but `conf.describe` confirms no female MP speaker was there:

2007-10-30_17.269.54.331.pdf


---
2022-10-31 22:40:37
[Skipped] Simple string check found a possible female MP name '이재정', but `conf.describe` confirms no female MP speaker was there:

2007-08-10_17.268.08.323.pdf


---
2022-10-31 22:44:06
[Skipped] Simple string check found a possible female MP name '이재정', but `conf.describe` confirms no female MP speaker was there:

2007-03-05_17.265.05.323.pdf


---
2022-10-31 22:47:34
[Skipped] Simple string check found a possible female MP name '이영', but `conf.describe` confirms no female MP speaker was there:

2007-04-17_17.267.02.331.pdf


---
2022-10-31 22:52:33
[Skipped] Simple string check found a possible female MP name '이영', but `conf.describe` confirms no female MP speaker was there:

2007-06-25_17.268.03.331.pdf


---
2022-10-31 22:55:12
[Skipped] Simple string check found a possible female MP name '이영', but `conf.describe` confirms no female MP speaker was there:

2007-11-02_17.269.56.331.pdf


---
2022-10-31 22:58:13
[Skipped] Simple string check found a possible female MP name '이영', but `conf.describe` confirms no female MP speaker was there:

2007-05-09_17.267.07.331.pdf


---
2022-10-31 23:02:23
[Skipped] Simple string check found a possible female MP name '이재정', but `conf.describe` confirms no female MP speaker was there:

2007-04-26_17.267.04.325.pdf


---
2022-10-31 23:11:09
[Skipped] Simple string check found a possible female MP name '이재정', but `conf.describe` confirms no female MP speaker was there:

2007-06-28_17.268.05.323.pdf


---
2022-10-31 23:13:19
[Skipped] Simple string check found a possible female MP name '이영', but `conf.describe` confirms no female MP speaker was there:

2007-03-06_17.265.04.331.pdf


---
2022-10-31 23:15:08
[Skipped] Simple string check found a possible female MP name '김현', but `conf.describe` confirms no female MP speaker was there:

2007-01-23_17.264.01.323.pdf


---
2022-10-31 23:17:44
[Skipped] Simple string check found a possible female MP name '이영', but `conf.describe` confirms no female MP speaker was there:

2007-10-10_17.269.05.325.pdf


---
2022-10-31 23:18:19
[Skipped] Simple string check found a possible female MP name '이영', but `conf.describe` confirms no female MP speaker was there:

2007-09-17_17.269.01.331.pdf


---
2022-10-31 23:18:41
[Skipped] Simple string check found a possible female MP name '이영', but `conf.describe` confirms no female MP speaker was there:

2007-02-27_17.265.03.331.pdf


---
2022-10-31 23:20:34
[Skipped] Simple string check found a possible female MP name '이영', but `conf.describe` confirms no female MP speaker was there:

2007-10-23_17.269.A3.331.pdf


---
2022-10-31 23:23:33
[Skipped] Simple string check found a possible female MP name '이재정', but `conf.describe` confirms no female MP speaker was there:

2007-06-05_17.268.01.323.pdf


---
2022-10-31 23:26:00
[Skipped] Simple string check found a possible female MP name '김정', but `conf.describe` confirms no female MP speaker was there:

2007-07-20_17.268.07.328.pdf


---
2022-10-31 23:28:00
[Skipped] Simple string check found a possible female MP name '이영', but `conf.describe` confirms no female MP speaker was there:

2007-04-13_17.267.02.335.pdf


---
2022-10-31 23:32:09
[Skipped] Simple string check found a possible female MP name '김정', but `conf.describe` confirms no female MP speaker was there:

2007-06-18_17.268.02.328.pdf


---
2022-10-31 23:32:43
[Skipped] Simple string check found a possible female MP name '김현', but `conf.describe` confirms no female MP speaker was there:

2007-04-04_17.267.01.323.pdf


---
2022-10-31 23:37:05
[Skipped] Simple string check found a possible female MP name '김정', but `conf.describe` confirms no female MP speaker was there:

2007-10-02_17.269.08.4BA.pdf


---
2022-10-31 23:38:02
[Skipped] Simple string check found a possible female MP name '이영', but `conf.describe` confirms no female MP speaker was there:

2007-04-04_17.267.01.331.pdf


---
2022-10-31 23:43:02
[Skipped] Simple string check found a possible female MP name '김정', but `conf.describe` confirms no female MP speaker was there:

2007-09-18_17.269.07.4BA.pdf


---
2022-10-31 23:43:36
[Skipped] Simple string check found a possible female MP name '이영', but `conf.describe` confirms no female MP speaker was there:

2007-06-28_17.268.04.331.pdf


---
2022-10-31 23:43:47
[Skipped] Simple string check found a possible female MP name '이영', but `conf.describe` confirms no female MP speaker was there:

2007-04-30_17.267.05.331.pdf


---
2022-10-31 23:46:12
[Skipped] Simple string check found a possible female MP name '김정', but `conf.describe` confirms no female MP speaker was there:

2007-06-14_17.268.01.325.pdf


---
2022-10-31 23:47:54
[Skipped] Simple string check found a possible female MP name '이재정', but `conf.describe` confirms no female MP speaker was there:

2007-06-18_17.268.03.323.pdf


---
2022-10-31 23:53:24
[Skipped] Simple string check found a possible female MP name '김정', but `conf.describe` confirms no female MP speaker was there:

2007-01-19_17.264.03.10.pdf


---
2022-10-31 23:59:20
[Skipped] Simple string check found a possible female MP name '이영', but `conf.describe` confirms no female MP speaker was there:

2007-06-21_17.268.02.331.pdf


---
2022-11-01 00:01:10
[Skipped] Simple string check found a possible female MP name '이영', but `conf.describe` confirms no female MP speaker was there:

2007-10-04_17.269.03.331.pdf


---
2022-11-01 00:01:55
[Skipped] Simple string check found a possible female MP name '김화중', but `conf.describe` confirms no female MP speaker was there:

2007-02-26_17.265.04.325.pdf


---
2022-11-01 00:03:57
[Skipped] Simple string check found a possible female MP name '이재정', but `conf.describe` confirms no female MP speaker was there:

2007-10-11_17.269.05.323.pdf


---
2022-11-01 00:05:31
[Skipped] Simple string check found a possible female MP name '이영', but `conf.describe` confirms no female MP speaker was there:

2007-10-18_17.269.51.331.pdf


---
2022-11-01 00:06:18
[Skipped] Simple string check found a possible female MP name '이영', but `conf.describe` confirms no female MP speaker was there:

2007-10-30_17.269.A4.331.pdf


---
2022-11-01 00:06:57
[Skipped] Simple string check found a possible female MP name '이영', but `conf.describe` confirms no female MP speaker was there:

2007-02-13_17.265.01.331.pdf


---
2022-11-01 00:08:59
[Skipped] Simple string check found a possible female MP name '이영', but `conf.describe` confirms no female MP speaker was there:

2007-05-02_17.267.06.331.pdf


