---
2022-11-12 18:41:13
[Skipped] Simple string check found a possible female MP name '김정', but `conf.describe` confirms no female MP speaker was there:

2000-12-05_16.215.11.21.pdf


---
2022-11-12 18:41:14
[Skipped] Simple string check found a possible female MP name '김명자', but `conf.describe` confirms no female MP speaker was there:

2000-11-28_16.215.06.21.pdf


---
2022-11-12 18:41:14
[Skipped] Simple string check found a possible female MP name '김정숙', but `conf.describe` confirms no female MP speaker was there:

2000-11-27_16.215.05.21.pdf


---
2022-11-12 18:41:15
[Skipped] Simple string check found a possible female MP name '김정', but `conf.describe` confirms no female MP speaker was there:

2000-11-13_16.215.09.10.pdf


---
2022-11-12 18:41:15
[Skipped] Simple string check found a possible female MP name '문희', but `conf.describe` confirms no female MP speaker was there:

2000-12-08_16.215.16.10.pdf


---
2022-11-12 18:41:16
[Skipped] Simple string check found a possible female MP name '김정숙', but `conf.describe` confirms no female MP speaker was there:

2000-12-09_16.215.15.21.pdf


---
2022-11-12 18:41:17
[Skipped] Simple string check found a possible female MP name '김정', but `conf.describe` confirms no female MP speaker was there:

2000-12-13_16.216.03.21.pdf


---
2022-11-12 18:41:18
[Skipped] Simple string check found a possible female MP name '김정숙', but `conf.describe` confirms no female MP speaker was there:

2000-10-10_16.215.01.21.pdf


---
2022-11-12 18:41:18
[Skipped] Simple string check found a possible female MP name '오양순', but `conf.describe` confirms no female MP speaker was there:

2000-01-07_15.209.03.10.pdf


---
2022-11-12 18:41:18
[Skipped] Simple string check found a possible female MP name '김정숙', but `conf.describe` confirms no female MP speaker was there:

2000-12-06_16.215.12.21.pdf


---
2022-11-12 18:41:19
[Skipped] Simple string check found a possible female MP name '문희', but `conf.describe` confirms no female MP speaker was there:

2000-07-22_16.213.01.21.pdf


---
2022-11-12 18:41:19
[Skipped] Simple string check found a possible female MP name '문희', but `conf.describe` confirms no female MP speaker was there:

2000-07-31_16.214.01.10.pdf


---
2022-11-12 18:41:20
[Skipped] Simple string check found a possible female MP name '김정숙', but `conf.describe` confirms no female MP speaker was there:

2000-12-12_16.216.02.21.pdf


---
2022-11-12 18:41:20
[Skipped] Simple string check found a possible female MP name '한영애', but `conf.describe` confirms no female MP speaker was there:

2000-01-21_15.210.01.10.pdf


---
2022-11-12 18:41:21
[Skipped] Simple string check found a possible female MP name '김화중', but `conf.describe` confirms no female MP speaker was there:

2000-10-12_16.215.04.10.pdf


---
2022-11-12 18:41:21
[Skipped] Simple string check found a possible female MP name '이연숙', but `conf.describe` confirms no female MP speaker was there:

2000-06-16_16.212.03.10.pdf


---
2022-11-12 18:41:21
[Skipped] Simple string check found a possible female MP name '김정', but `conf.describe` confirms no female MP speaker was there:

2000-07-05_16.213.01.10.pdf


---
2022-11-12 18:41:21
[Skipped] Simple string check found a possible female MP name '주양자', but `conf.describe` confirms no female MP speaker was there:

2000-02-08_15.210.04.10.pdf


---
2022-11-12 18:41:21
[Skipped] Simple string check found a possible female MP name '김정숙', but `conf.describe` confirms no female MP speaker was there:

2000-10-12_16.215.03.21.pdf


---
2022-11-12 18:41:22
[Skipped] Simple string check found a possible female MP name '김정숙', but `conf.describe` confirms no female MP speaker was there:

2000-12-07_16.215.13.21.pdf


---
2022-11-12 18:41:22
[Skipped] Simple string check found a possible female MP name '신낙균', but `conf.describe` confirms no female MP speaker was there:

2000-02-09_15.210.05.10.pdf


---
2022-11-12 18:41:23
[Skipped] Simple string check found a possible female MP name '김정숙', but `conf.describe` confirms no female MP speaker was there:

2000-12-04_16.215.10.21.pdf


---
2022-11-12 18:41:24
[Skipped] Simple string check found a possible female MP name '김정', but `conf.describe` confirms no female MP speaker was there:

2000-12-01_16.215.09.21.pdf


---
2022-11-12 18:41:25
[Skipped] Simple string check found a possible female MP name '이영희', but `conf.describe` confirms no female MP speaker was there:

2000-11-29_16.215.07.21.pdf


---
2022-11-12 18:41:25
[Skipped] Simple string check found a possible female MP name '문희', but `conf.describe` confirms no female MP speaker was there:

2000-07-11_16.213.05.10.pdf


---
2022-11-12 18:41:26
[Skipped] Simple string check found a possible female MP name '전재희', but `conf.describe` confirms no female MP speaker was there:

2000-11-17_16.215.13.10.pdf


---
2022-11-12 18:41:26
[Skipped] Simple string check found a possible female MP name '김정숙', but `conf.describe` confirms no female MP speaker was there:

2000-11-30_16.215.08.21.pdf


---
2022-11-12 18:41:27
[Skipped] Simple string check found a possible female MP name '김정숙', but `conf.describe` confirms no female MP speaker was there:

2000-12-14_16.216.04.21.pdf


---
2022-11-12 18:41:28
[Skipped] Simple string check found a possible female MP name '장영신', but `conf.describe` confirms no female MP speaker was there:

2000-07-14_16.213.08.10.pdf


---
2022-11-12 18:41:29
[Skipped] Simple string check found a possible female MP name '김정숙', but `conf.describe` confirms no female MP speaker was there:

2000-12-08_16.215.14.21.pdf


---
2022-11-12 18:41:29
[Skipped] Simple string check found a possible female MP name '김정숙', but `conf.describe` confirms no female MP speaker was there:

2000-10-11_16.215.02.21.pdf


---
2022-11-12 18:41:30
[Skipped] Simple string check found a possible female MP name '신낙균', but `conf.describe` confirms no female MP speaker was there:

2000-01-13_15.209.04.10.pdf


---
2022-11-12 18:41:30
[Skipped] Simple string check found a possible female MP name '임진출', but `conf.describe` confirms no female MP speaker was there:

2000-12-23_16.216.05.10.pdf


---
2022-11-12 18:41:30
[Skipped] Simple string check found a possible female MP name '이영희', but `conf.describe` confirms no female MP speaker was there:

2000-12-11_16.216.01.21.pdf


---
2022-11-12 18:41:31
[Skipped] Simple string check found a possible female MP name '이영', but `conf.describe` confirms no female MP speaker was there:

2000-12-29_16.216.11.325.pdf


---
2022-11-12 18:41:31
[Skipped] Simple string check found a possible female MP name '한영애', but `conf.describe` confirms no female MP speaker was there:

2000-01-14_15.209.05.10.pdf


