---
2022-11-12 20:12:48
[Skipped] Simple string check found a possible female MP name '이영', but `conf.describe` confirms no female MP speaker was there:

2005-02-21_17.252.02.331.pdf


---
2022-11-12 20:18:26
[Skipped] Simple string check found a possible female MP name '이영', but `conf.describe` confirms no female MP speaker was there:

2005-06-14_17.254.09.4CH.pdf


---
2022-11-12 20:22:58
[Skipped] Simple string check found a possible female MP name '박선숙', but `conf.describe` confirms no female MP speaker was there:

2005-11-23_17.256.05.4AD.pdf


---
2022-11-12 20:23:48
[Skipped] Simple string check found a possible female MP name '최순영', but `conf.describe` confirms no female MP speaker was there:

2005-02-18_17.252.01.329.pdf


---
2022-11-12 20:26:26
[Skipped] Simple string check found a possible female MP name '이영', but `conf.describe` confirms no female MP speaker was there:

2005-03-22_17.252.04.331.pdf


---
2022-11-12 20:27:30
[Skipped] Simple string check found a possible female MP name '이영', but `conf.describe` confirms no female MP speaker was there:

2005-08-17_17.255.01.331.pdf


---
2022-11-12 20:28:00
[Skipped] Simple string check found a possible female MP name '김정', but `conf.describe` confirms no female MP speaker was there:

2005-11-23_17.256.11.21.pdf


---
2022-11-12 20:29:12
[Skipped] Simple string check found a possible female MP name '이영', but `conf.describe` confirms no female MP speaker was there:

2005-10-07_17.256.51.331.pdf


---
2022-11-12 20:31:06
[Skipped] Simple string check found a possible female MP name '이영', but `conf.describe` confirms no female MP speaker was there:

2005-11-01_17.256.04.331.pdf


---
2022-11-12 20:36:18
[Skipped] Simple string check found a possible female MP name '이영', but `conf.describe` confirms no female MP speaker was there:

2005-02-18_17.252.01.331.pdf


---
2022-11-12 20:37:50
[Skipped] Simple string check found a possible female MP name '이영', but `conf.describe` confirms no female MP speaker was there:

2005-06-07_17.254.01.331.pdf


---
2022-11-12 20:40:08
[Skipped] Simple string check found a possible female MP name '이영', but `conf.describe` confirms no female MP speaker was there:

2005-10-07_17.256.A1.331.pdf


---
2022-11-12 20:44:48
[Skipped] Simple string check found a possible female MP name '이영', but `conf.describe` confirms no female MP speaker was there:

2005-11-22_17.256.09.331.pdf


---
2022-11-12 20:46:01
[Skipped] Simple string check found a possible female MP name '김정', but `conf.describe` confirms no female MP speaker was there:

2005-02-28_17.252.02.4AC.pdf


---
2022-11-12 20:46:52
[Skipped] Simple string check found a possible female MP name '이영', but `conf.describe` confirms no female MP speaker was there:

2005-11-04_17.256.07.331.pdf


---
2022-11-12 20:48:36
[Skipped] Simple string check found a possible female MP name '전여옥', but `conf.describe` confirms no female MP speaker was there:

2005-02-21_17.252.01.323.pdf


---
2022-11-12 21:00:41
[Skipped] Simple string check found a possible female MP name '이영', but `conf.describe` confirms no female MP speaker was there:

2005-09-06_17.256.01.331.pdf


---
2022-11-12 21:02:06
[Skipped] Simple string check found a possible female MP name '이영', but `conf.describe` confirms no female MP speaker was there:

2005-04-19_17.253.03.331.pdf


---
2022-11-12 21:10:15
[Skipped] Simple string check found a possible female MP name '김정', but `conf.describe` confirms no female MP speaker was there:

2005-02-01_17.252.01.335.pdf


---
2022-11-12 21:13:22
[Skipped] Simple string check found a possible female MP name '김정', but `conf.describe` confirms no female MP speaker was there:

2005-11-11_17.256.09.327.pdf


---
2022-11-12 21:16:54
[Skipped] Simple string check found a possible female MP name '이영', but `conf.describe` confirms no female MP speaker was there:

2005-06-20_17.254.03.331.pdf


---
2022-11-12 21:22:08
[Skipped] Simple string check found a possible female MP name '이영', but `conf.describe` confirms no female MP speaker was there:

2005-10-11_17.256.53.331.pdf


---
2022-11-12 21:22:26
[Skipped] Simple string check found a possible female MP name '이영', but `conf.describe` confirms no female MP speaker was there:

2005-06-13_17.254.08.4CH.pdf


---
2022-11-12 21:23:44
[Skipped] Simple string check found a possible female MP name '최순영', but `conf.describe` confirms no female MP speaker was there:

2005-02-21_17.252.02.329.pdf


---
2022-11-12 21:29:50
[Skipped] Simple string check found a possible female MP name '최연혜', but `conf.describe` confirms no female MP speaker was there:

2005-04-20_17.253.01.335.pdf


---
2022-11-12 21:32:27
[Skipped] Simple string check found a possible female MP name '이영', but `conf.describe` confirms no female MP speaker was there:

2005-11-24_17.256.10.331.pdf


---
2022-11-12 21:32:28
[Skipped] Simple string check found a possible female MP name '진수희', but `conf.describe` confirms no female MP speaker was there:

2005-02-24_17.252.04.329.pdf


---
2022-11-12 21:34:19
[Skipped] Simple string check found a possible female MP name '최순영', but `conf.describe` confirms no female MP speaker was there:

2005-03-16_17.252.06.329.pdf


---
2022-11-12 21:35:37
[Skipped] Simple string check found a possible female MP name '이영', but `conf.describe` confirms no female MP speaker was there:

2005-11-03_17.256.06.331.pdf


---
2022-11-12 21:35:55
[Skipped] Simple string check found a possible female MP name '김정', but `conf.describe` confirms no female MP speaker was there:

2005-10-05_17.256.52.335.pdf


---
2022-11-12 21:36:05
[Skipped] Simple string check found a possible female MP name '진수희', but `conf.describe` confirms no female MP speaker was there:

2005-02-22_17.252.03.329.pdf


---
2022-11-12 21:37:26
[Skipped] Simple string check found a possible female MP name '이영', but `conf.describe` confirms no female MP speaker was there:

2005-04-18_17.253.02.331.pdf


---
2022-11-12 21:41:41
[Skipped] Simple string check found a possible female MP name '이영', but `conf.describe` confirms no female MP speaker was there:

2005-06-27_17.254.06.331.pdf


---
2022-11-12 21:43:06
[Skipped] Simple string check found a possible female MP name '김정', but `conf.describe` confirms no female MP speaker was there:

2005-11-09_17.256.06.332.pdf


---
2022-11-12 21:51:38
[Skipped] Simple string check found a possible female MP name '이영', but `conf.describe` confirms no female MP speaker was there:

2005-04-13_17.253.01.331.pdf


---
2022-11-12 21:52:57
[Skipped] Simple string check found a possible female MP name '김정', but `conf.describe` confirms no female MP speaker was there:

2005-06-07_17.254.02.10.pdf


---
2022-11-12 21:55:27
[Skipped] Simple string check found a possible female MP name '이영', but `conf.describe` confirms no female MP speaker was there:

2005-08-18_17.255.02.331.pdf


---
2022-11-12 22:03:28
[Skipped] Simple string check found a possible female MP name '최연혜', but `conf.describe` confirms no female MP speaker was there:

2005-06-15_17.254.02.335.pdf


---
2022-11-12 22:14:03
[Skipped] Simple string check found a possible female MP name '이영', but `conf.describe` confirms no female MP speaker was there:

2005-10-10_17.256.52.331.pdf


---
2022-11-12 22:15:45
[Skipped] Simple string check found a possible female MP name '최연혜', but `conf.describe` confirms no female MP speaker was there:

2005-04-22_17.253.02.335.pdf


---
2022-11-12 22:17:29
[Skipped] Simple string check found a possible female MP name '최연혜', but `conf.describe` confirms no female MP speaker was there:

2005-10-05_17.256.A2.335.pdf


---
2022-11-12 22:28:33
[Skipped] Simple string check found a possible female MP name '전여옥', but `conf.describe` confirms no female MP speaker was there:

2005-02-22_17.252.02.323.pdf


---
2022-11-12 22:31:27
[Skipped] Simple string check found a possible female MP name '이영', but `conf.describe` confirms no female MP speaker was there:

2005-06-23_17.254.05.331.pdf


---
2022-11-12 22:31:44
[Skipped] Simple string check found a possible female MP name '조배숙', but `conf.describe` confirms no female MP speaker was there:

2005-02-28_17.252.05.329.pdf


