---
2022-10-31 22:16:05
[Skipped] Simple string check found a possible female MP name '김현', but `conf.describe` confirms no female MP speaker was there:

2009-09-18_18.284.04.338.pdf


---
2022-10-31 22:40:53
[Skipped] Simple string check found a possible female MP name '추미애', but `conf.describe` confirms no female MP speaker was there:

2009-07-01_18.283.03.334.pdf


---
2022-11-01 00:18:34
[Skipped] Simple string check found a possible female MP name '신의진', but `conf.describe` confirms no female MP speaker was there:

2009-11-19_18.284.11.325.pdf


---
2022-11-01 00:25:45
[Skipped] Simple string check found a possible female MP name '문희', but `conf.describe` confirms no female MP speaker was there:

2009-11-11_18.284.11.10.pdf


---
2022-11-01 00:33:03
[Skipped] Simple string check found a possible female MP name '문희', but `conf.describe` confirms no female MP speaker was there:

2009-11-10_18.284.10.10.pdf


