---
2022-10-31 22:09:51
[Skipped] Simple string check found a possible female MP name '이영', but `conf.describe` confirms no female MP speaker was there:

2008-02-18_17.271.04.331.pdf


---
2022-10-31 22:14:27
[Skipped] Simple string check found a possible female MP name '김정', but `conf.describe` confirms no female MP speaker was there:

2008-05-20_17.273.04.328.pdf


---
2022-10-31 22:14:46
[Skipped] Simple string check found a possible female MP name '이은재', but `conf.describe` confirms no female MP speaker was there:

2008-10-24_18.278.55.345.pdf


---
2022-10-31 22:17:09
[Skipped] Simple string check found a possible female MP name '이영', but `conf.describe` confirms no female MP speaker was there:

2008-02-19_17.271.05.331.pdf


---
2022-10-31 22:19:27
[Skipped] Simple string check found a possible female MP name '이영희', but `conf.describe` confirms no female MP speaker was there:

2008-05-14_17.273.04.323.pdf


---
2022-10-31 22:24:21
[Skipped] Simple string check found a possible female MP name '김현', but `conf.describe` confirms no female MP speaker was there:

2008-11-10_18.278.04.4BN.pdf


---
2022-10-31 22:24:38
[Skipped] Simple string check found a possible female MP name '김정', but `conf.describe` confirms no female MP speaker was there:

2008-04-29_17.273.01.328.pdf


---
2022-10-31 22:30:55
[Skipped] Simple string check found a possible female MP name '최영희', but `conf.describe` confirms no female MP speaker was there:

2008-02-21_17.271.03.326.pdf


---
2022-10-31 22:35:30
[Skipped] Simple string check found a possible female MP name '이영', but `conf.describe` confirms no female MP speaker was there:

2008-02-21_17.271.06.331.pdf


---
2022-10-31 22:44:00
[Skipped] Simple string check found a possible female MP name '김정', but `conf.describe` confirms no female MP speaker was there:

2008-05-08_17.273.03.10.pdf


---
2022-10-31 22:51:22
[Skipped] Simple string check found a possible female MP name '김정', but `conf.describe` confirms no female MP speaker was there:

2008-04-30_17.273.02.328.pdf


---
2022-10-31 22:59:14
[Skipped] Simple string check found a possible female MP name '이영', but `conf.describe` confirms no female MP speaker was there:

2008-12-15_18.279.02.325.pdf


---
2022-10-31 23:10:31
[Skipped] Simple string check found a possible female MP name '김정', but `conf.describe` confirms no female MP speaker was there:

2008-01-11_17.270.01.328.pdf


---
2022-10-31 23:19:13
[Skipped] Simple string check found a possible female MP name '이영', but `conf.describe` confirms no female MP speaker was there:

2008-01-28_17.271.01.331.pdf


---
2022-10-31 23:20:47
[Skipped] Simple string check found a possible female MP name '김현', but `conf.describe` confirms no female MP speaker was there:

2008-02-22_17.271.04.329.pdf


---
2022-10-31 23:26:06
[Skipped] Simple string check found a possible female MP name '문희', but `conf.describe` confirms no female MP speaker was there:

2008-07-16_18.276.05.10.pdf


---
2022-10-31 23:28:19
[Skipped] Simple string check found a possible female MP name '이영', but `conf.describe` confirms no female MP speaker was there:

2008-04-29_17.273.01.331.pdf


---
2022-10-31 23:34:03
[Skipped] Simple string check found a possible female MP name '김정', but `conf.describe` confirms no female MP speaker was there:

2008-02-20_17.271.11.4BA.pdf


---
2022-10-31 23:36:49
[Skipped] Simple string check found a possible female MP name '김정', but `conf.describe` confirms no female MP speaker was there:

2008-05-06_17.273.01.324.pdf


---
2022-11-01 00:01:58
[Skipped] Simple string check found a possible female MP name '이영', but `conf.describe` confirms no female MP speaker was there:

2008-01-28_17.271.01.10.pdf


---
2022-11-01 00:13:08
[Skipped] Simple string check found a possible female MP name '이영', but `conf.describe` confirms no female MP speaker was there:

2008-05-07_17.273.02.331.pdf


---
2022-11-01 00:13:41
[Skipped] Simple string check found a possible female MP name '김정', but `conf.describe` confirms no female MP speaker was there:

2008-02-18_17.271.02.326.pdf


