---
2022-11-01 04:35:52
[Skipped] Simple string check found a possible female MP name '문희', but `conf.describe` confirms no female MP speaker was there:

2018-11-01_20.364.11.10.pdf


---
2022-11-01 04:52:57
[Skipped] Simple string check found a possible female MP name '김현', but `conf.describe` confirms no female MP speaker was there:

2018-02-28_20.356.04.353.pdf


---
2022-11-01 04:57:28
[Skipped] Simple string check found a possible female MP name '문희', but `conf.describe` confirms no female MP speaker was there:

2018-09-06_20.364.04.10.pdf


---
2022-11-01 05:03:42
[Skipped] Simple string check found a possible female MP name '김정', but `conf.describe` confirms no female MP speaker was there:

2018-07-24_20.362.02.337.pdf


---
2022-11-01 05:05:05
[Skipped] Simple string check found a possible female MP name '문희', but `conf.describe` confirms no female MP speaker was there:

2018-09-05_20.364.03.10.pdf


---
2022-11-01 05:07:09
[Skipped] Simple string check found a possible female MP name '김현', but `conf.describe` confirms no female MP speaker was there:

2018-02-22_20.356.03.353.pdf


---
2022-11-01 05:07:54
[Skipped] Simple string check found a possible female MP name '김현', but `conf.describe` confirms no female MP speaker was there:

2018-10-10_20.364.03.353.pdf


---
2022-11-01 05:08:27
[Skipped] Simple string check found a possible female MP name '김현', but `conf.describe` confirms no female MP speaker was there:

2018-12-13_20.364.13.353.pdf


---
2022-11-01 05:12:20
[Skipped] Simple string check found a possible female MP name '문희', but `conf.describe` confirms no female MP speaker was there:

2018-09-03_20.364.00.10.pdf


---
2022-11-01 05:28:42
[Skipped] Simple string check found a possible female MP name '김정', but `conf.describe` confirms no female MP speaker was there:

2018-10-10_20.364.V1.337.pdf


---
2022-11-01 05:35:17
[Skipped] Simple string check found a possible female MP name '문희', but `conf.describe` confirms no female MP speaker was there:

2018-09-04_20.364.02.10.pdf


---
2022-11-01 05:37:07
[Skipped] Simple string check found a possible female MP name '문희', but `conf.describe` confirms no female MP speaker was there:

2018-12-03_20.364.14.10.pdf


---
2022-11-01 05:39:36
[Skipped] Simple string check found a possible female MP name '김현', but `conf.describe` confirms no female MP speaker was there:

2018-05-16_20.360.01.353.pdf


---
2022-11-01 05:40:09
[Skipped] Simple string check found a possible female MP name '김현', but `conf.describe` confirms no female MP speaker was there:

2018-02-21_20.356.02.353.pdf


---
2022-11-01 05:41:36
[Skipped] Simple string check found a possible female MP name '김정', but `conf.describe` confirms no female MP speaker was there:

2018-11-27_20.364.11.338.pdf


---
2022-11-01 05:46:09
[Skipped] Simple string check found a possible female MP name '김정', but `conf.describe` confirms no female MP speaker was there:

2018-10-29_20.364.A3.337.pdf


---
2022-11-01 05:46:34
[Skipped] Simple string check found a possible female MP name '김현', but `conf.describe` confirms no female MP speaker was there:

2018-11-29_20.364.06.348.pdf


---
2022-11-01 05:47:26
[Skipped] Simple string check found a possible female MP name '문희', but `conf.describe` confirms no female MP speaker was there:

2018-07-13_20.362.01.10.pdf


---
2022-11-01 05:58:09
[Skipped] Simple string check found a possible female MP name '이미경', but `conf.describe` confirms no female MP speaker was there:

2018-02-21_20.356.01.348.pdf


---
2022-11-01 05:59:29
[Skipped] Simple string check found a possible female MP name '문희', but `conf.describe` confirms no female MP speaker was there:

2018-02-22_20.356.02.348.pdf


---
2022-11-01 06:02:28
[Skipped] Simple string check found a possible female MP name '김정', but `conf.describe` confirms no female MP speaker was there:

2018-10-15_20.364.A1.337.pdf


