---
2022-11-01 04:10:20
[Skipped] Simple string check found a possible female MP name '김정', but `conf.describe` confirms no female MP speaker was there:

2014-01-23_19.321.02.326.pdf


---
2022-11-01 04:15:26
[Skipped] Simple string check found a possible female MP name '이영', but `conf.describe` confirms no female MP speaker was there:

2014-04-23_19.324.01.333.pdf


---
2022-11-01 04:15:27
[Skipped] Simple string check found a possible female MP name '김정', but `conf.describe` confirms no female MP speaker was there:

2014-04-28_19.324.01.326.pdf


---
2022-11-01 04:18:30
[Skipped] Simple string check found a possible female MP name '김정', but `conf.describe` confirms no female MP speaker was there:

2014-07-09_19.326.01.4FF.pdf


---
2022-11-01 04:24:55
[Skipped] Simple string check found a possible female MP name '김정', but `conf.describe` confirms no female MP speaker was there:

2014-02-25_19.322.06.326.pdf


---
2022-11-01 04:39:03
[Skipped] Simple string check found a possible female MP name '김정', but `conf.describe` confirms no female MP speaker was there:

2014-02-20_19.322.04.326.pdf


---
2022-11-01 04:42:06
[Skipped] Simple string check found a possible female MP name '문희', but `conf.describe` confirms no female MP speaker was there:

2014-06-30_19.326.01.348.pdf


---
2022-11-01 04:52:56
[Skipped] Simple string check found a possible female MP name '김정', but `conf.describe` confirms no female MP speaker was there:

2014-02-04_19.322.01.326.pdf


---
2022-11-01 04:58:32
[Skipped] Simple string check found a possible female MP name '정옥임', but `conf.describe` confirms no female MP speaker was there:

2014-07-01_19.326.02.348.pdf


---
2022-11-01 05:14:20
[Skipped] Simple string check found a possible female MP name '김정', but `conf.describe` confirms no female MP speaker was there:

2014-04-01_19.323.01.326.pdf


---
2022-11-01 05:22:37
[Skipped] Simple string check found a possible female MP name '김정', but `conf.describe` confirms no female MP speaker was there:

2014-02-05_19.322.03.10.pdf


---
2022-11-01 05:23:40
[Skipped] Simple string check found a possible female MP name '김정', but `conf.describe` confirms no female MP speaker was there:

2014-02-11_19.322.03.326.pdf


---
2022-11-01 05:30:17
[Skipped] Simple string check found a possible female MP name '김정', but `conf.describe` confirms no female MP speaker was there:

2014-02-05_19.322.02.326.pdf


---
2022-11-01 05:32:37
[Skipped] Simple string check found a possible female MP name '문희', but `conf.describe` confirms no female MP speaker was there:

2014-10-30_19.329.07.10.pdf


