---
2022-11-01 08:19:01
[Skipped] Simple string check found a possible female MP name '김현', but `conf.describe` confirms no female MP speaker was there:

2021-04-27_21.386.03.359.pdf


---
2022-11-01 08:19:12
[Skipped] Simple string check found a possible female MP name '김정', but `conf.describe` confirms no female MP speaker was there:

2021-11-11_21.391.08.355.pdf


---
2022-11-01 08:19:29
[Skipped] Simple string check found a possible female MP name '김정', but `conf.describe` confirms no female MP speaker was there:

2021-06-30_21.388.04.359.pdf


---
2022-11-01 08:20:13
[Skipped] Simple string check found a possible female MP name '김정', but `conf.describe` confirms no female MP speaker was there:

2021-10-20_21.391.A7.338.pdf


---
2022-11-01 08:21:53
[Skipped] Simple string check found a possible female MP name '유은혜', but `conf.describe` confirms no female MP speaker was there:

2021-10-21_21.391.A7.358.pdf


---
2022-11-01 08:22:43
[Skipped] Simple string check found a possible female MP name '김현', but `conf.describe` confirms no female MP speaker was there:

2021-02-16_21.384.01.353.pdf


---
2022-11-01 08:22:58
[Skipped] Simple string check found a possible female MP name '유은혜', but `conf.describe` confirms no female MP speaker was there:

2021-08-19_21.390.01.358.pdf


---
2022-11-01 08:23:08
[Skipped] Simple string check found a possible female MP name '김현', but `conf.describe` confirms no female MP speaker was there:

2021-04-27_21.386.01.353.pdf


---
2022-11-01 08:23:14
[Skipped] Simple string check found a possible female MP name '김은혜', but `conf.describe` confirms no female MP speaker was there:

2021-11-03_21.391.06.354.pdf


---
2022-11-01 08:24:34
[Skipped] Simple string check found a possible female MP name '이영', but `conf.describe` confirms no female MP speaker was there:

2021-10-14_21.391.X2.337.pdf


---
2022-11-01 08:24:50
[Skipped] Simple string check found a possible female MP name '김정', but `conf.describe` confirms no female MP speaker was there:

2021-11-05_21.391.06.21.pdf


---
2022-11-01 08:25:05
[Skipped] Simple string check found a possible female MP name '김현', but `conf.describe` confirms no female MP speaker was there:

2021-10-20_21.391.A9.353.pdf


---
2022-11-01 08:25:17
[Skipped] Simple string check found a possible female MP name '김현', but `conf.describe` confirms no female MP speaker was there:

2021-02-22_21.384.03.353.pdf


---
2022-11-01 08:25:55
[Skipped] Simple string check found a possible female MP name '김현', but `conf.describe` confirms no female MP speaker was there:

2021-02-24_21.384.01.324.pdf


---
2022-11-01 08:26:28
[Skipped] Simple string check found a possible female MP name '이영', but `conf.describe` confirms no female MP speaker was there:

2021-09-08_21.391.01.4HG.pdf


---
2022-11-01 08:27:44
[Skipped] Simple string check found a possible female MP name '김정', but `conf.describe` confirms no female MP speaker was there:

2021-10-12_21.391.A4.338.pdf


---
2022-11-01 08:28:11
[Skipped] Simple string check found a possible female MP name '유은혜', but `conf.describe` confirms no female MP speaker was there:

2021-11-11_21.391.10.21.pdf


---
2022-11-01 08:28:30
[Skipped] Simple string check found a possible female MP name '유은혜', but `conf.describe` confirms no female MP speaker was there:

2021-02-19_21.384.02.358.pdf


---
2022-11-01 08:29:03
[Skipped] Simple string check found a possible female MP name '김은혜', but `conf.describe` confirms no female MP speaker was there:

2021-11-18_21.391.07.354.pdf


---
2022-11-01 08:29:35
[Skipped] Simple string check found a possible female MP name '김현', but `conf.describe` confirms no female MP speaker was there:

2021-10-05_21.391.03.353.pdf


---
2022-11-01 08:29:57
[Skipped] Simple string check found a possible female MP name '김정', but `conf.describe` confirms no female MP speaker was there:

2021-10-13_21.391.X1.337.pdf


---
2022-11-01 08:30:36
[Skipped] Simple string check found a possible female MP name '윤희숙', but `conf.describe` confirms no female MP speaker was there:

2021-06-25_21.388.03.338.pdf


---
2022-11-01 08:30:48
[Skipped] Simple string check found a possible female MP name '김현', but `conf.describe` confirms no female MP speaker was there:

2021-07-14_21.389.02.353.pdf


---
2022-11-01 08:33:17
[Skipped] Simple string check found a possible female MP name '유은혜', but `conf.describe` confirms no female MP speaker was there:

2021-10-01_21.391.A1.358.pdf


---
2022-11-01 08:37:35
[Skipped] Simple string check found a possible female MP name '신명', but `conf.describe` confirms no female MP speaker was there:

2021-10-08_21.391.A3.353.pdf


---
2022-11-01 08:38:00
[Skipped] Simple string check found a possible female MP name '김현', but `conf.describe` confirms no female MP speaker was there:

2021-08-24_21.390.01.353.pdf


---
2022-11-01 08:38:04
[Skipped] Simple string check found a possible female MP name '김정', but `conf.describe` confirms no female MP speaker was there:

2021-07-15_21.389.02.355.pdf


---
2022-11-01 08:38:46
[Skipped] Simple string check found a possible female MP name '김현', but `conf.describe` confirms no female MP speaker was there:

2021-06-28_21.388.02.353.pdf


---
2022-11-01 08:39:32
[Skipped] Simple string check found a possible female MP name '김현', but `conf.describe` confirms no female MP speaker was there:

2021-04-19_21.386.01.359.pdf


---
2022-11-01 08:40:05
[Skipped] Simple string check found a possible female MP name '윤희숙', but `conf.describe` confirms no female MP speaker was there:

2021-03-18_21.385.01.338.pdf


---
2022-11-01 08:40:56
[Skipped] Simple string check found a possible female MP name '김정', but `conf.describe` confirms no female MP speaker was there:

2021-04-19_21.386.02.355.pdf


---
2022-11-01 08:42:03
[Skipped] Simple string check found a possible female MP name '김은혜', but `conf.describe` confirms no female MP speaker was there:

2021-09-01_21.391.01.354.pdf


---
2022-11-01 08:42:47
[Skipped] Simple string check found a possible female MP name '전현희', but `conf.describe` confirms no female MP speaker was there:

2021-06-22_21.388.01.326.pdf


---
2022-11-01 08:42:54
[Skipped] Simple string check found a possible female MP name '유은혜', but `conf.describe` confirms no female MP speaker was there:

2021-04-26_21.386.02.358.pdf


---
2022-11-01 08:42:59
[Skipped] Simple string check found a possible female MP name '김현', but `conf.describe` confirms no female MP speaker was there:

2021-09-13_21.391.02.359.pdf


---
2022-11-01 08:43:27
[Skipped] Simple string check found a possible female MP name '유은혜', but `conf.describe` confirms no female MP speaker was there:

2021-11-16_21.391.04.358.pdf


---
2022-11-01 08:44:26
[Skipped] Simple string check found a possible female MP name '김현', but `conf.describe` confirms no female MP speaker was there:

2021-07-13_21.389.01.353.pdf


---
2022-11-01 08:44:58
[Skipped] Simple string check found a possible female MP name '김정', but `conf.describe` confirms no female MP speaker was there:

2021-10-08_21.391.X4.337.pdf


---
2022-11-01 08:45:17
[Skipped] Simple string check found a possible female MP name '전현희', but `conf.describe` confirms no female MP speaker was there:

2021-08-30_21.390.03.326.pdf


---
2022-11-01 08:46:16
[Skipped] Simple string check found a possible female MP name '김현', but `conf.describe` confirms no female MP speaker was there:

2021-10-05_21.391.A1.353.pdf


---
2022-11-01 08:46:26
[Skipped] Simple string check found a possible female MP name '전현희', but `conf.describe` confirms no female MP speaker was there:

2021-03-17_21.385.02.326.pdf


---
2022-11-01 08:46:40
[Skipped] Simple string check found a possible female MP name '유은혜', but `conf.describe` confirms no female MP speaker was there:

2021-07-14_21.389.01.21.pdf


---
2022-11-01 08:46:58
[Skipped] Simple string check found a possible female MP name '김현', but `conf.describe` confirms no female MP speaker was there:

2021-02-24_21.384.04.359.pdf


---
2022-11-01 08:47:50
[Skipped] Simple string check found a possible female MP name '이정미', but `conf.describe` confirms no female MP speaker was there:

2021-05-06_21.387.01.358.pdf


---
2022-11-01 08:48:10
[Skipped] Simple string check found a possible female MP name '김현', but `conf.describe` confirms no female MP speaker was there:

2021-12-09_21.391.09.359.pdf


---
2022-11-01 08:49:15
[Skipped] Simple string check found a possible female MP name '김현', but `conf.describe` confirms no female MP speaker was there:

2021-10-05_21.391.A2.359.pdf


---
2022-11-01 08:50:02
[Skipped] Simple string check found a possible female MP name '전현희', but `conf.describe` confirms no female MP speaker was there:

2021-08-20_21.390.01.326.pdf


---
2022-11-01 08:50:08
[Skipped] Simple string check found a possible female MP name '유은혜', but `conf.describe` confirms no female MP speaker was there:

2021-11-09_21.391.03.358.pdf


---
2022-11-01 08:50:14
[Skipped] Simple string check found a possible female MP name '윤희숙', but `conf.describe` confirms no female MP speaker was there:

2021-06-15_21.388.01.338.pdf


---
2022-11-01 08:50:54
[Skipped] Simple string check found a possible female MP name '김현', but `conf.describe` confirms no female MP speaker was there:

2021-09-08_21.391.01.359.pdf


---
2022-11-01 08:51:33
[Skipped] Simple string check found a possible female MP name '김현', but `conf.describe` confirms no female MP speaker was there:

2021-11-03_21.391.07.353.pdf


---
2022-11-01 08:52:31
[Skipped] Simple string check found a possible female MP name '김희정', but `conf.describe` confirms no female MP speaker was there:

2021-05-27_21.387.03.356.pdf


---
2022-11-01 08:52:39
[Skipped] Simple string check found a possible female MP name '유은혜', but `conf.describe` confirms no female MP speaker was there:

2021-06-30_21.388.06.325.pdf


---
2022-11-01 08:53:00
[Skipped] Simple string check found a possible female MP name '김정', but `conf.describe` confirms no female MP speaker was there:

2021-08-30_21.390.02.355.pdf


---
2022-11-01 08:53:10
[Skipped] Simple string check found a possible female MP name '김현', but `conf.describe` confirms no female MP speaker was there:

2021-11-08_21.391.08.353.pdf


---
2022-11-01 08:53:40
[Skipped] Simple string check found a possible female MP name '유은혜', but `conf.describe` confirms no female MP speaker was there:

2021-07-14_21.389.01.358.pdf


---
2022-11-01 08:53:57
[Skipped] Simple string check found a possible female MP name '김현', but `conf.describe` confirms no female MP speaker was there:

2021-06-21_21.388.01.359.pdf


---
2022-11-01 08:54:24
[Skipped] Simple string check found a possible female MP name '유은혜', but `conf.describe` confirms no female MP speaker was there:

2021-11-12_21.391.11.21.pdf


---
2022-11-01 08:54:44
[Skipped] Simple string check found a possible female MP name '김현', but `conf.describe` confirms no female MP speaker was there:

2021-12-08_21.391.09.325.pdf


---
2022-11-01 08:55:08
[Skipped] Simple string check found a possible female MP name '전현희', but `conf.describe` confirms no female MP speaker was there:

2021-09-09_21.391.04.21.pdf


---
2022-11-01 08:55:53
[Skipped] Simple string check found a possible female MP name '윤희숙', but `conf.describe` confirms no female MP speaker was there:

2021-02-16_21.384.01.338.pdf


---
2022-11-01 08:57:05
[Skipped] Simple string check found a possible female MP name '이영', but `conf.describe` confirms no female MP speaker was there:

2021-10-05_21.391.A2.358.pdf


---
2022-11-01 08:57:48
[Skipped] Simple string check found a possible female MP name '전현희', but `conf.describe` confirms no female MP speaker was there:

2021-02-16_21.384.01.326.pdf


---
2022-11-01 08:58:46
[Skipped] Simple string check found a possible female MP name '유은혜', but `conf.describe` confirms no female MP speaker was there:

2021-06-10_21.388.01.358.pdf


---
2022-11-01 08:59:03
[Skipped] Simple string check found a possible female MP name '김정', but `conf.describe` confirms no female MP speaker was there:

2021-10-19_21.391.AA.325.pdf


---
2022-11-01 08:59:29
[Skipped] Simple string check found a possible female MP name '이영', but `conf.describe` confirms no female MP speaker was there:

2021-10-07_21.391.A2.325.pdf


---
2022-11-01 09:00:25
[Skipped] Simple string check found a possible female MP name '전현희', but `conf.describe` confirms no female MP speaker was there:

2021-04-22_21.386.01.326.pdf


---
2022-11-01 09:00:33
[Skipped] Simple string check found a possible female MP name '김정', but `conf.describe` confirms no female MP speaker was there:

2021-05-31_21.387.01.337.pdf


---
2022-11-01 09:01:17
[Skipped] Simple string check found a possible female MP name '김현', but `conf.describe` confirms no female MP speaker was there:

2021-08-27_21.390.02.353.pdf


---
2022-11-01 09:01:25
[Skipped] Simple string check found a possible female MP name '이영', but `conf.describe` confirms no female MP speaker was there:

2021-02-16_21.384.01.358.pdf


---
2022-11-01 09:02:40
[Skipped] Simple string check found a possible female MP name '전현희', but `conf.describe` confirms no female MP speaker was there:

2021-07-22_21.389.01.325.pdf


---
2022-11-01 09:02:57
[Skipped] Simple string check found a possible female MP name '김현', but `conf.describe` confirms no female MP speaker was there:

2021-11-11_21.391.08.359.pdf


---
2022-11-01 09:03:07
[Skipped] Simple string check found a possible female MP name '전현희', but `conf.describe` confirms no female MP speaker was there:

2021-07-01_21.388.02.326.pdf


---
2022-11-01 09:03:43
[Skipped] Simple string check found a possible female MP name '김현', but `conf.describe` confirms no female MP speaker was there:

2021-09-24_21.391.03.325.pdf


---
2022-11-01 09:04:49
[Skipped] Simple string check found a possible female MP name '유은혜', but `conf.describe` confirms no female MP speaker was there:

2021-03-16_21.385.01.358.pdf


---
2022-11-01 09:05:29
[Skipped] Simple string check found a possible female MP name '유은혜', but `conf.describe` confirms no female MP speaker was there:

2021-07-15_21.389.02.21.pdf


---
2022-11-01 09:05:34
[Skipped] Simple string check found a possible female MP name '김은혜', but `conf.describe` confirms no female MP speaker was there:

2021-11-22_21.391.08.354.pdf


---
2022-11-01 09:05:46
[Skipped] Simple string check found a possible female MP name '김현', but `conf.describe` confirms no female MP speaker was there:

2021-10-21_21.391.A7.359.pdf


---
2022-11-01 09:07:02
[Skipped] Simple string check found a possible female MP name '김정', but `conf.describe` confirms no female MP speaker was there:

2021-11-08_21.391.02.338.pdf


---
2022-11-01 09:07:10
[Skipped] Simple string check found a possible female MP name '김현', but `conf.describe` confirms no female MP speaker was there:

2021-11-09_21.391.07.359.pdf


---
2022-11-01 09:07:30
[Skipped] Simple string check found a possible female MP name '김현', but `conf.describe` confirms no female MP speaker was there:

2021-03-17_21.385.02.353.pdf


---
2022-11-01 09:07:42
[Skipped] Simple string check found a possible female MP name '김현', but `conf.describe` confirms no female MP speaker was there:

2021-03-24_21.385.04.359.pdf


---
2022-11-01 09:08:21
[Skipped] Simple string check found a possible female MP name '윤희숙', but `conf.describe` confirms no female MP speaker was there:

2021-02-25_21.384.04.338.pdf


---
2022-11-01 09:09:51
[Skipped] Simple string check found a possible female MP name '전현희', but `conf.describe` confirms no female MP speaker was there:

2021-09-06_21.391.01.21.pdf


---
2022-11-01 09:09:54
[Skipped] Simple string check found a possible female MP name '김현', but `conf.describe` confirms no female MP speaker was there:

2021-12-03_21.391.09.353.pdf


---
2022-11-01 09:10:04
[Skipped] Simple string check found a possible female MP name '김현', but `conf.describe` confirms no female MP speaker was there:

2021-03-11_21.385.01.353.pdf


---
2022-11-01 09:10:11
[Skipped] Simple string check found a possible female MP name '김은혜', but `conf.describe` confirms no female MP speaker was there:

2021-12-06_21.391.10.354.pdf


---
2022-11-01 09:10:50
[Skipped] Simple string check found a possible female MP name '김정', but `conf.describe` confirms no female MP speaker was there:

2021-11-11_21.391.03.338.pdf


---
2022-11-01 09:11:36
[Skipped] Simple string check found a possible female MP name '윤희숙', but `conf.describe` confirms no female MP speaker was there:

2021-08-17_21.390.01.338.pdf


---
2022-11-01 09:11:44
[Skipped] Simple string check found a possible female MP name '김현', but `conf.describe` confirms no female MP speaker was there:

2021-02-26_21.384.05.359.pdf


---
2022-11-01 09:12:06
[Skipped] Simple string check found a possible female MP name '윤희숙', but `conf.describe` confirms no female MP speaker was there:

2021-02-23_21.384.03.338.pdf


---
2022-11-01 09:13:02
[Skipped] Simple string check found a possible female MP name '김정', but `conf.describe` confirms no female MP speaker was there:

2021-08-19_21.390.02.338.pdf


---
2022-11-01 09:13:13
[Skipped] Simple string check found a possible female MP name '강은희', but `conf.describe` confirms no female MP speaker was there:

2021-10-12_21.391.A4.358.pdf


---
2022-11-01 09:14:05
[Skipped] Simple string check found a possible female MP name '김현', but `conf.describe` confirms no female MP speaker was there:

2021-11-11_21.391.08.356.pdf


---
2022-11-01 09:14:15
[Skipped] Simple string check found a possible female MP name '김현', but `conf.describe` confirms no female MP speaker was there:

2021-06-24_21.388.01.353.pdf


