---
2022-11-12 18:49:50
[Skipped] Simple string check found a possible female MP name '허운나', but `conf.describe` confirms no female MP speaker was there:

2002-09-16_16.234.51.322.pdf


---
2022-11-12 18:50:30
[Skipped] Simple string check found a possible female MP name '김정', but `conf.describe` confirms no female MP speaker was there:

2002-10-10_16.234.09.10.pdf


---
2022-11-12 18:50:45
[Skipped] Simple string check found a possible female MP name '임진출', but `conf.describe` confirms no female MP speaker was there:

2002-07-11_16.232.02.10.pdf


---
2022-11-12 18:50:45
[Skipped] Simple string check found a possible female MP name '이미경', but `conf.describe` confirms no female MP speaker was there:

2002-04-19_16.229.06.10.pdf


---
2022-11-12 18:51:01
[Skipped] Simple string check found a possible female MP name '전재희', but `conf.describe` confirms no female MP speaker was there:

2002-07-22_16.232.06.10.pdf


---
2022-11-12 18:51:29
[Skipped] Simple string check found a possible female MP name '조배숙', but `conf.describe` confirms no female MP speaker was there:

2002-04-08_16.229.01.10.pdf


---
2022-11-12 18:52:11
[Skipped] Simple string check found a possible female MP name '김정', but `conf.describe` confirms no female MP speaker was there:

2002-11-14_16.234.16.10.pdf


---
2022-11-12 18:52:11
[Skipped] Simple string check found a possible female MP name '이연숙', but `conf.describe` confirms no female MP speaker was there:

2002-04-10_16.229.03.10.pdf


---
2022-11-12 18:53:00
[Skipped] Simple string check found a possible female MP name '김송자', but `conf.describe` confirms no female MP speaker was there:

2002-10-21_16.234.03.21.pdf


---
2022-11-12 18:53:00
[Skipped] Simple string check found a possible female MP name '한명숙', but `conf.describe` confirms no female MP speaker was there:

2002-04-12_16.229.05.10.pdf


---
2022-11-12 18:53:24
[Skipped] Simple string check found a possible female MP name '박근혜', but `conf.describe` confirms no female MP speaker was there:

2002-10-04_16.234.57.322.pdf


---
2022-11-12 18:53:41
[Skipped] Simple string check found a possible female MP name '이재정', but `conf.describe` confirms no female MP speaker was there:

2002-04-16_16.229.01.21.pdf


---
2022-11-12 18:54:41
[Skipped] Simple string check found a possible female MP name '최영희', but `conf.describe` confirms no female MP speaker was there:

2002-04-17_16.229.02.21.pdf


---
2022-11-12 18:55:04
[Skipped] Simple string check found a possible female MP name '허운나', but `conf.describe` confirms no female MP speaker was there:

2002-09-18_16.234.52.322.pdf


---
2022-11-12 18:55:48
[Skipped] Simple string check found a possible female MP name '이재정', but `conf.describe` confirms no female MP speaker was there:

2002-07-31_16.232.09.10.pdf


---
2022-11-12 18:56:45
[Skipped] Simple string check found a possible female MP name '김정', but `conf.describe` confirms no female MP speaker was there:

2002-07-18_16.232.04.10.pdf


---
2022-11-12 18:56:45
[Skipped] Simple string check found a possible female MP name '허운나', but `conf.describe` confirms no female MP speaker was there:

2002-09-26_16.234.53.322.pdf


