---
2022-11-01 07:10:44
[Skipped] Simple string check found a possible female MP name '윤희숙', but `conf.describe` confirms no female MP speaker was there:

2016-11-02_20.346.08.338.pdf


---
2022-11-01 07:11:12
[Skipped] Simple string check found a possible female MP name '문희', but `conf.describe` confirms no female MP speaker was there:

2016-10-26_20.346.04.348.pdf


---
2022-11-01 07:12:28
[Skipped] Simple string check found a possible female MP name '박근혜', but `conf.describe` confirms no female MP speaker was there:

2016-06-13_20.343.00.10.pdf


---
2022-11-01 07:16:18
[Skipped] Simple string check found a possible female MP name '김현', but `conf.describe` confirms no female MP speaker was there:

2016-06-27_20.343.02.353.pdf


---
2022-11-01 07:19:13
[Skipped] Simple string check found a possible female MP name '김현', but `conf.describe` confirms no female MP speaker was there:

2016-07-12_20.343.06.353.pdf


---
2022-11-01 07:20:18
[Skipped] Simple string check found a possible female MP name '김현', but `conf.describe` confirms no female MP speaker was there:

2016-11-01_20.346.09.353.pdf


---
2022-11-01 07:26:35
[Skipped] Simple string check found a possible female MP name '김현', but `conf.describe` confirms no female MP speaker was there:

2016-06-20_20.343.01.353.pdf


---
2022-11-01 07:27:59
[Skipped] Simple string check found a possible female MP name '김현', but `conf.describe` confirms no female MP speaker was there:

2016-11-30_20.346.13.353.pdf


---
2022-11-01 07:30:14
[Skipped] Simple string check found a possible female MP name '김정', but `conf.describe` confirms no female MP speaker was there:

2016-11-01_20.346.03.349.pdf


---
2022-11-01 07:30:26
[Skipped] Simple string check found a possible female MP name '김현', but `conf.describe` confirms no female MP speaker was there:

2016-10-10_20.346.A2.353.pdf


---
2022-11-01 07:30:38
[Skipped] Simple string check found a possible female MP name '김현', but `conf.describe` confirms no female MP speaker was there:

2016-10-25_20.346.08.353.pdf


---
2022-11-01 07:34:07
[Skipped] Simple string check found a possible female MP name '김현', but `conf.describe` confirms no female MP speaker was there:

2016-09-01_20.346.01.353.pdf


---
2022-11-01 07:37:47
[Skipped] Simple string check found a possible female MP name '김현', but `conf.describe` confirms no female MP speaker was there:

2016-10-13_20.346.A4.353.pdf


---
2022-11-01 07:39:46
[Skipped] Simple string check found a possible female MP name '김현', but `conf.describe` confirms no female MP speaker was there:

2016-11-22_20.346.12.353.pdf


---
2022-11-01 07:43:11
[Skipped] Simple string check found a possible female MP name '신명', but `conf.describe` confirms no female MP speaker was there:

2016-05-11_19.342.01.350.pdf


---
2022-11-01 07:45:10
[Skipped] Simple string check found a possible female MP name '문희', but `conf.describe` confirms no female MP speaker was there:

2016-06-22_20.343.01.348.pdf


---
2022-11-01 07:48:33
[Skipped] Simple string check found a possible female MP name '김현', but `conf.describe` confirms no female MP speaker was there:

2016-08-05_20.344.01.353.pdf


---
2022-11-01 07:49:46
[Skipped] Simple string check found a possible female MP name '문희', but `conf.describe` confirms no female MP speaker was there:

2016-11-14_20.346.06.348.pdf


---
2022-11-01 07:50:57
[Skipped] Simple string check found a possible female MP name '김현', but `conf.describe` confirms no female MP speaker was there:

2016-10-11_20.346.A3.353.pdf


---
2022-11-01 07:52:20
[Skipped] Simple string check found a possible female MP name '김현', but `conf.describe` confirms no female MP speaker was there:

2016-08-08_20.344.02.353.pdf


---
2022-11-01 07:55:28
[Skipped] Simple string check found a possible female MP name '김현', but `conf.describe` confirms no female MP speaker was there:

2016-10-05_20.346.A1.353.pdf


---
2022-11-01 07:57:27
[Skipped] Simple string check found a possible female MP name '문희', but `conf.describe` confirms no female MP speaker was there:

2016-06-24_20.343.02.348.pdf


---
2022-11-01 08:01:07
[Skipped] Simple string check found a possible female MP name '김현', but `conf.describe` confirms no female MP speaker was there:

2016-10-14_20.346.A5.353.pdf


---
2022-11-01 08:01:16
[Skipped] Simple string check found a possible female MP name '문희', but `conf.describe` confirms no female MP speaker was there:

2016-06-27_20.343.03.348.pdf


---
2022-11-01 08:02:20
[Skipped] Simple string check found a possible female MP name '김현', but `conf.describe` confirms no female MP speaker was there:

2016-12-07_20.346.14.353.pdf


---
2022-11-01 08:03:36
[Skipped] Simple string check found a possible female MP name '박근혜', but `conf.describe` confirms no female MP speaker was there:

2016-10-24_20.346.10.10.pdf


---
2022-11-01 08:05:03
[Skipped] Simple string check found a possible female MP name '이영', but `conf.describe` confirms no female MP speaker was there:

2016-07-15_20.343.05.324.pdf


---
2022-11-01 08:12:29
[Skipped] Simple string check found a possible female MP name '문희', but `conf.describe` confirms no female MP speaker was there:

2016-09-27_20.346.A1.348.pdf


---
2022-11-01 08:12:40
[Skipped] Simple string check found a possible female MP name '김현', but `conf.describe` confirms no female MP speaker was there:

2016-06-28_20.343.03.353.pdf


---
2022-11-01 08:12:49
[Skipped] Simple string check found a possible female MP name '김현', but `conf.describe` confirms no female MP speaker was there:

2016-12-29_20.347.01.353.pdf


---
2022-11-01 08:12:52
[Skipped] Simple string check found a possible female MP name '김현', but `conf.describe` confirms no female MP speaker was there:

2016-09-21_20.346.03.353.pdf


---
2022-11-01 08:15:31
[Skipped] Simple string check found a possible female MP name '김현', but `conf.describe` confirms no female MP speaker was there:

2016-09-27_20.346.W1.353.pdf


---
2022-11-01 08:18:05
[Skipped] Simple string check found a possible female MP name '이영희', but `conf.describe` confirms no female MP speaker was there:

2016-06-29_20.343.04.353.pdf


---
2022-11-01 08:18:53
[Skipped] Simple string check found a possible female MP name '문희', but `conf.describe` confirms no female MP speaker was there:

2016-12-22_20.347.01.348.pdf


---
2022-11-01 08:21:14
[Skipped] Simple string check found a possible female MP name '김승희', but `conf.describe` confirms no female MP speaker was there:

2016-02-17_19.340.02.333.pdf


---
2022-11-01 08:21:24
[Skipped] Simple string check found a possible female MP name '김현', but `conf.describe` confirms no female MP speaker was there:

2016-09-26_20.346.X1.353.pdf


---
2022-11-01 08:21:54
[Skipped] Simple string check found a possible female MP name '김현', but `conf.describe` confirms no female MP speaker was there:

2016-11-08_20.346.10.353.pdf


