---
2022-11-12 18:48:56
[Skipped] Simple string check found a possible female MP name '한명숙', but `conf.describe` confirms no female MP speaker was there:

2001-02-05_16.217.01.10.pdf


---
2022-11-12 18:48:57
[Skipped] Simple string check found a possible female MP name '김희선', but `conf.describe` confirms no female MP speaker was there:

2001-09-07_16.225.03.10.pdf


---
2022-11-12 18:48:57
[Skipped] Simple string check found a possible female MP name '이재정', but `conf.describe` confirms no female MP speaker was there:

2001-11-27_16.225.19.21.pdf


---
2022-11-12 18:48:57
[Skipped] Simple string check found a possible female MP name '강숙자', but `conf.describe` confirms no female MP speaker was there:

2001-08-28_16.224.01.21.pdf


---
2022-11-12 18:48:58
[Skipped] Simple string check found a possible female MP name '한명숙', but `conf.describe` confirms no female MP speaker was there:

2001-11-23_16.225.17.21.pdf


---
2022-11-12 18:48:58
[Skipped] Simple string check found a possible female MP name '최영희', but `conf.describe` confirms no female MP speaker was there:

2001-02-23_16.218.01.21.pdf


---
2022-11-12 18:48:59
[Skipped] Simple string check found a possible female MP name '추미애', but `conf.describe` confirms no female MP speaker was there:

2001-04-09_16.220.05.10.pdf


---
2022-11-12 18:48:59
[Skipped] Simple string check found a possible female MP name '이미경', but `conf.describe` confirms no female MP speaker was there:

2001-10-31_16.225.03.21.pdf


---
2022-11-12 18:48:59
[Skipped] Simple string check found a possible female MP name '김명자', but `conf.describe` confirms no female MP speaker was there:

2001-06-12_16.222.06.10.pdf


---
2022-11-12 18:49:00
[Skipped] Simple string check found a possible female MP name '문희', but `conf.describe` confirms no female MP speaker was there:

2001-06-19_16.222.07.10.pdf


---
2022-11-12 18:49:00
[Skipped] Simple string check found a possible female MP name '한명숙', but `conf.describe` confirms no female MP speaker was there:

2001-11-30_16.225.22.21.pdf


---
2022-11-12 18:49:00
[Skipped] Simple string check found a possible female MP name '문희', but `conf.describe` confirms no female MP speaker was there:

2001-06-28_16.222.09.10.pdf


---
2022-11-12 18:49:00
[Skipped] Simple string check found a possible female MP name '강숙자', but `conf.describe` confirms no female MP speaker was there:

2001-11-07_16.225.05.21.pdf


---
2022-11-12 18:49:01
[Skipped] Simple string check found a possible female MP name '최영희', but `conf.describe` confirms no female MP speaker was there:

2001-11-08_16.225.06.21.pdf


---
2022-11-12 18:49:01
[Skipped] Simple string check found a possible female MP name '한명숙', but `conf.describe` confirms no female MP speaker was there:

2001-04-25_16.220.03.21.pdf


---
2022-11-12 18:49:01
[Skipped] Simple string check found a possible female MP name '김화중', but `conf.describe` confirms no female MP speaker was there:

2001-04-02_16.220.01.10.pdf


---
2022-11-12 18:49:02
[Skipped] Simple string check found a possible female MP name '이재정', but `conf.describe` confirms no female MP speaker was there:

2001-01-09_16.216.07.10.pdf


---
2022-11-12 18:49:02
[Skipped] Simple string check found a possible female MP name '장영신', but `conf.describe` confirms no female MP speaker was there:

2001-04-28_16.220.10.10.pdf


---
2022-11-12 18:49:02
[Skipped] Simple string check found a possible female MP name '최영희', but `conf.describe` confirms no female MP speaker was there:

2001-11-20_16.225.14.21.pdf


---
2022-11-12 18:49:03
[Skipped] Simple string check found a possible female MP name '한명숙', but `conf.describe` confirms no female MP speaker was there:

2001-02-15_16.218.05.10.pdf


---
2022-11-12 18:49:03
[Skipped] Simple string check found a possible female MP name '한명숙', but `conf.describe` confirms no female MP speaker was there:

2001-11-15_16.225.11.21.pdf


---
2022-11-12 18:49:03
[Skipped] Simple string check found a possible female MP name '허운나', but `conf.describe` confirms no female MP speaker was there:

2001-11-22_16.225.19.10.pdf


---
2022-11-12 18:49:03
[Skipped] Simple string check found a possible female MP name '전재희', but `conf.describe` confirms no female MP speaker was there:

2001-12-27_16.226.04.10.pdf


---
2022-11-12 18:49:04
[Skipped] Simple string check found a possible female MP name '최영희', but `conf.describe` confirms no female MP speaker was there:

2001-11-29_16.225.21.21.pdf


---
2022-11-12 18:49:04
[Skipped] Simple string check found a possible female MP name '한명숙', but `conf.describe` confirms no female MP speaker was there:

2001-11-09_16.225.07.21.pdf


---
2022-11-12 18:49:05
[Skipped] Simple string check found a possible female MP name '김희선', but `conf.describe` confirms no female MP speaker was there:

2001-04-10_16.220.06.10.pdf


---
2022-11-12 18:49:05
[Skipped] Simple string check found a possible female MP name '한명숙', but `conf.describe` confirms no female MP speaker was there:

2001-10-16_16.225.11.10.pdf


---
2022-11-12 18:49:06
[Skipped] Simple string check found a possible female MP name '최영희', but `conf.describe` confirms no female MP speaker was there:

2001-04-23_16.220.01.21.pdf


---
2022-11-12 18:49:06
[Skipped] Simple string check found a possible female MP name '장영신', but `conf.describe` confirms no female MP speaker was there:

2001-02-14_16.218.04.10.pdf


---
2022-11-12 18:49:06
[Skipped] Simple string check found a possible female MP name '이미경', but `conf.describe` confirms no female MP speaker was there:

2001-11-14_16.225.10.21.pdf


---
2022-11-12 18:49:07
[Skipped] Simple string check found a possible female MP name '한명숙', but `conf.describe` confirms no female MP speaker was there:

2001-11-28_16.225.20.21.pdf


---
2022-11-12 18:49:07
[Skipped] Simple string check found a possible female MP name '문희', but `conf.describe` confirms no female MP speaker was there:

2001-12-14_16.226.01.10.pdf


---
2022-11-12 18:49:08
[Skipped] Simple string check found a possible female MP name '이재정', but `conf.describe` confirms no female MP speaker was there:

2001-11-21_16.225.15.21.pdf


---
2022-11-12 18:49:08
[Skipped] Simple string check found a possible female MP name '이재정', but `conf.describe` confirms no female MP speaker was there:

2001-11-22_16.225.16.21.pdf


---
2022-11-12 18:49:09
[Skipped] Simple string check found a possible female MP name '한명숙', but `conf.describe` confirms no female MP speaker was there:

2001-04-24_16.220.02.21.pdf


---
2022-11-12 18:49:09
[Skipped] Simple string check found a possible female MP name '한명숙', but `conf.describe` confirms no female MP speaker was there:

2001-11-19_16.225.13.21.pdf


---
2022-11-12 18:49:10
[Skipped] Simple string check found a possible female MP name '한명숙', but `conf.describe` confirms no female MP speaker was there:

2001-04-12_16.220.08.10.pdf


---
2022-11-12 18:49:10
[Skipped] Simple string check found a possible female MP name '최영희', but `conf.describe` confirms no female MP speaker was there:

2001-11-26_16.225.18.21.pdf


---
2022-11-12 18:49:11
[Skipped] Simple string check found a possible female MP name '장영신', but `conf.describe` confirms no female MP speaker was there:

2001-02-28_16.218.06.10.pdf


---
2022-11-12 18:49:11
[Skipped] Simple string check found a possible female MP name '김정', but `conf.describe` confirms no female MP speaker was there:

2001-02-09_16.218.01.10.pdf


---
2022-11-12 18:49:12
[Skipped] Simple string check found a possible female MP name '허운나', but `conf.describe` confirms no female MP speaker was there:

2001-02-13_16.218.03.10.pdf


---
2022-11-12 18:49:12
[Skipped] Simple string check found a possible female MP name '조배숙', but `conf.describe` confirms no female MP speaker was there:

2001-09-13_16.225.04.10.pdf


---
2022-11-12 18:49:12
[Skipped] Simple string check found a possible female MP name '김방림', but `conf.describe` confirms no female MP speaker was there:

2001-10-15_16.225.10.10.pdf


---
2022-11-12 18:49:13
[Skipped] Simple string check found a possible female MP name '이재정', but `conf.describe` confirms no female MP speaker was there:

2001-06-08_16.222.04.10.pdf


---
2022-11-12 18:49:13
[Skipped] Simple string check found a possible female MP name '최영희', but `conf.describe` confirms no female MP speaker was there:

2001-10-30_16.225.02.21.pdf


---
2022-11-12 18:49:13
[Skipped] Simple string check found a possible female MP name '김경천', but `conf.describe` confirms no female MP speaker was there:

2001-06-25_16.222.08.10.pdf


---
2022-11-12 18:49:14
[Skipped] Simple string check found a possible female MP name '박근혜', but `conf.describe` confirms no female MP speaker was there:

2001-02-12_16.218.02.10.pdf


---
2022-11-12 18:49:14
[Skipped] Simple string check found a possible female MP name '이미경', but `conf.describe` confirms no female MP speaker was there:

2001-11-16_16.225.12.21.pdf


---
2022-11-12 18:49:14
[Skipped] Simple string check found a possible female MP name '문희', but `conf.describe` confirms no female MP speaker was there:

2001-12-06_16.225.20.10.pdf


---
2022-11-12 18:49:15
[Skipped] Simple string check found a possible female MP name '김정숙', but `conf.describe` confirms no female MP speaker was there:

2001-02-28_16.218.03.21.pdf


---
2022-11-12 18:49:15
[Skipped] Simple string check found a possible female MP name '김정', but `conf.describe` confirms no female MP speaker was there:

2001-11-12_16.225.08.21.pdf


---
2022-11-12 18:49:16
[Skipped] Simple string check found a possible female MP name '이영희', but `conf.describe` confirms no female MP speaker was there:

2001-02-27_16.218.02.21.pdf


---
2022-11-12 18:49:16
[Skipped] Simple string check found a possible female MP name '전재희', but `conf.describe` confirms no female MP speaker was there:

2001-03-08_16.219.01.10.pdf


---
2022-11-12 18:49:16
[Skipped] Simple string check found a possible female MP name '전재희', but `conf.describe` confirms no female MP speaker was there:

2001-07-18_16.223.01.10.pdf


