---
2022-11-01 08:29:13
[Skipped] Simple string check found a possible female MP name '김현', but `conf.describe` confirms no female MP speaker was there:

2017-08-22_20.353.01.353.pdf


---
2022-11-01 08:31:49
[Skipped] Simple string check found a possible female MP name '문희', but `conf.describe` confirms no female MP speaker was there:

2017-03-15_20.350.01.348.pdf


---
2022-11-01 08:33:17
[Skipped] Simple string check found a possible female MP name '김현', but `conf.describe` confirms no female MP speaker was there:

2017-11-24_20.354.11.353.pdf


---
2022-11-01 08:38:11
[Skipped] Simple string check found a possible female MP name '이영', but `conf.describe` confirms no female MP speaker was there:

2017-03-29_20.350.03.325.pdf


---
2022-11-01 08:40:37
[Skipped] Simple string check found a possible female MP name '김현', but `conf.describe` confirms no female MP speaker was there:

2017-07-05_20.352.01.353.pdf


---
2022-11-01 08:41:38
[Skipped] Simple string check found a possible female MP name '김현', but `conf.describe` confirms no female MP speaker was there:

2017-06-28_20.351.05.353.pdf


---
2022-11-01 08:41:44
[Skipped] Simple string check found a possible female MP name '김현', but `conf.describe` confirms no female MP speaker was there:

2017-02-23_20.349.04.353.pdf


---
2022-11-01 08:42:33
[Skipped] Simple string check found a possible female MP name '김정', but `conf.describe` confirms no female MP speaker was there:

2017-09-13_20.354.03.355.pdf


---
2022-11-01 08:42:49
[Skipped] Simple string check found a possible female MP name '김현', but `conf.describe` confirms no female MP speaker was there:

2017-09-21_20.354.03.353.pdf


---
2022-11-01 08:44:38
[Skipped] Simple string check found a possible female MP name '김현', but `conf.describe` confirms no female MP speaker was there:

2017-11-07_20.354.08.353.pdf


---
2022-11-01 08:51:07
[Skipped] Simple string check found a possible female MP name '김현', but `conf.describe` confirms no female MP speaker was there:

2017-10-12_20.354.A1.353.pdf


---
2022-11-01 08:51:56
[Skipped] Simple string check found a possible female MP name '김현', but `conf.describe` confirms no female MP speaker was there:

2017-10-30_20.354.A7.353.pdf


---
2022-11-01 09:00:23
[Skipped] Simple string check found a possible female MP name '문희', but `conf.describe` confirms no female MP speaker was there:

2017-07-10_20.352.01.348.pdf


---
2022-11-01 09:01:39
[Skipped] Simple string check found a possible female MP name '문희', but `conf.describe` confirms no female MP speaker was there:

2017-08-21_20.353.01.348.pdf


---
2022-11-01 09:03:01
[Skipped] Simple string check found a possible female MP name '김현', but `conf.describe` confirms no female MP speaker was there:

2017-10-26_20.354.A6.353.pdf


---
2022-11-01 09:04:48
[Skipped] Simple string check found a possible female MP name '김현', but `conf.describe` confirms no female MP speaker was there:

2017-10-19_20.354.A4.353.pdf


---
2022-11-01 09:05:57
[Skipped] Simple string check found a possible female MP name '문희', but `conf.describe` confirms no female MP speaker was there:

2017-09-05_20.354.01.348.pdf


---
2022-11-01 09:06:16
[Skipped] Simple string check found a possible female MP name '문희', but `conf.describe` confirms no female MP speaker was there:

2017-04-13_20.350.03.348.pdf


---
2022-11-01 09:07:46
[Skipped] Simple string check found a possible female MP name '김현', but `conf.describe` confirms no female MP speaker was there:

2017-02-15_20.349.02.353.pdf


---
2022-11-01 09:08:35
[Skipped] Simple string check found a possible female MP name '문희', but `conf.describe` confirms no female MP speaker was there:

2017-06-07_20.351.02.348.pdf


---
2022-11-01 09:09:26
[Skipped] Simple string check found a possible female MP name '김현', but `conf.describe` confirms no female MP speaker was there:

2017-02-14_20.349.01.353.pdf


---
2022-11-01 09:11:17
[Skipped] Simple string check found a possible female MP name '김현', but `conf.describe` confirms no female MP speaker was there:

2017-12-07_20.354.13.353.pdf


---
2022-11-01 09:14:52
[Skipped] Simple string check found a possible female MP name '이영희', but `conf.describe` confirms no female MP speaker was there:

2017-10-16_20.354.A3.353.pdf


---
2022-11-01 09:15:33
[Skipped] Simple string check found a possible female MP name '김현', but `conf.describe` confirms no female MP speaker was there:

2017-06-14_20.351.02.353.pdf


---
2022-11-01 09:16:37
[Skipped] Simple string check found a possible female MP name '문희', but `conf.describe` confirms no female MP speaker was there:

2017-11-27_20.354.06.348.pdf


---
2022-11-01 09:17:58
[Skipped] Simple string check found a possible female MP name '김현', but `conf.describe` confirms no female MP speaker was there:

2017-10-13_20.354.A2.353.pdf


---
2022-11-01 09:18:04
[Skipped] Simple string check found a possible female MP name '문희', but `conf.describe` confirms no female MP speaker was there:

2017-01-13_20.348.01.348.pdf


---
2022-11-01 09:19:37
[Skipped] Simple string check found a possible female MP name '김현', but `conf.describe` confirms no female MP speaker was there:

2017-01-19_20.348.01.353.pdf


---
2022-11-01 09:20:08
[Skipped] Simple string check found a possible female MP name '김현', but `conf.describe` confirms no female MP speaker was there:

2017-03-08_20.350.01.353.pdf


---
2022-11-01 09:20:49
[Skipped] Simple string check found a possible female MP name '김정', but `conf.describe` confirms no female MP speaker was there:

2017-02-02_20.349.08.4GB.pdf


---
2022-11-01 09:21:02
[Skipped] Simple string check found a possible female MP name '김현', but `conf.describe` confirms no female MP speaker was there:

2017-10-23_20.354.X1.353.pdf


---
2022-11-01 09:22:45
[Skipped] Simple string check found a possible female MP name '김현', but `conf.describe` confirms no female MP speaker was there:

2017-02-16_20.349.03.353.pdf


---
2022-11-01 09:23:06
[Skipped] Simple string check found a possible female MP name '김현', but `conf.describe` confirms no female MP speaker was there:

2017-10-31_20.354.A8.353.pdf


---
2022-11-01 09:23:15
[Skipped] Simple string check found a possible female MP name '문희', but `conf.describe` confirms no female MP speaker was there:

2017-11-06_20.354.04.348.pdf


---
2022-11-01 09:23:43
[Skipped] Simple string check found a possible female MP name '김현', but `conf.describe` confirms no female MP speaker was there:

2017-09-01_20.354.01.353.pdf


---
2022-11-01 09:23:59
[Skipped] Simple string check found a possible female MP name '김현', but `conf.describe` confirms no female MP speaker was there:

2017-03-22_20.350.02.353.pdf


---
2022-11-01 09:25:28
[Skipped] Simple string check found a possible female MP name '김현', but `conf.describe` confirms no female MP speaker was there:

2017-08-17_20.352.02.353.pdf


---
2022-11-01 09:27:10
[Skipped] Simple string check found a possible female MP name '문희', but `conf.describe` confirms no female MP speaker was there:

2017-06-29_20.351.04.348.pdf


---
2022-11-01 09:31:16
[Skipped] Simple string check found a possible female MP name '김현', but `conf.describe` confirms no female MP speaker was there:

2017-10-27_20.355.X3.353.pdf


---
2022-11-01 09:32:15
[Skipped] Simple string check found a possible female MP name '김현', but `conf.describe` confirms no female MP speaker was there:

2017-11-14_20.354.10.353.pdf


---
2022-11-01 09:36:38
[Skipped] Simple string check found a possible female MP name '김현', but `conf.describe` confirms no female MP speaker was there:

2017-10-17_20.355.X2.353.pdf


---
2022-11-01 09:38:29
[Skipped] Simple string check found a possible female MP name '김현', but `conf.describe` confirms no female MP speaker was there:

2017-10-20_20.354.A5.353.pdf


---
2022-11-01 09:45:11
[Skipped] Simple string check found a possible female MP name '김현', but `conf.describe` confirms no female MP speaker was there:

2017-01-20_20.348.02.353.pdf


