---
2022-11-12 19:19:20
[Skipped] Simple string check found a possible female MP name '최순영', but `conf.describe` confirms no female MP speaker was there:

2004-12-24_17.251.03.329.pdf


---
2022-11-12 19:21:33
[Skipped] Simple string check found a possible female MP name '이영', but `conf.describe` confirms no female MP speaker was there:

2004-11-18_17.250.07.331.pdf


---
2022-11-12 19:23:37
[Skipped] Simple string check found a possible female MP name '최순영', but `conf.describe` confirms no female MP speaker was there:

2004-11-22_17.250.07.329.pdf


---
2022-11-12 19:24:44
[Skipped] Simple string check found a possible female MP name '김정', but `conf.describe` confirms no female MP speaker was there:

2004-02-18_16.245.08.10.pdf


---
2022-11-12 19:27:25
[Skipped] Simple string check found a possible female MP name '이영', but `conf.describe` confirms no female MP speaker was there:

2004-10-19_17.250.54.331.pdf


---
2022-11-12 19:28:09
[Skipped] Simple string check found a possible female MP name '한명숙', but `conf.describe` confirms no female MP speaker was there:

2004-10-19_17.250.51.323.pdf


---
2022-11-12 19:28:09
[Skipped] Simple string check found a possible female MP name '최순영', but `conf.describe` confirms no female MP speaker was there:

2004-10-08_17.250.31.329.pdf


---
2022-11-12 19:30:38
[Skipped] Simple string check found a possible female MP name '최순영', but `conf.describe` confirms no female MP speaker was there:

2004-12-28_17.251.05.329.pdf


---
2022-11-12 19:33:16
[Skipped] Simple string check found a possible female MP name '김정', but `conf.describe` confirms no female MP speaker was there:

2004-12-06_17.250.16.325.pdf


---
2022-11-12 19:34:13
[Skipped] Simple string check found a possible female MP name '전여옥', but `conf.describe` confirms no female MP speaker was there:

2004-12-27_17.251.03.323.pdf


---
2022-11-12 19:34:20
[Skipped] Simple string check found a possible female MP name '한명숙', but `conf.describe` confirms no female MP speaker was there:

2004-12-13_17.251.01.323.pdf


---
2022-11-12 19:34:59
[Skipped] Simple string check found a possible female MP name '한명숙', but `conf.describe` confirms no female MP speaker was there:

2004-11-17_17.250.09.323.pdf


---
2022-11-12 19:36:45
[Skipped] Simple string check found a possible female MP name '이영', but `conf.describe` confirms no female MP speaker was there:

2004-10-19_17.250.32.331.pdf


---
2022-11-12 19:37:33
[Skipped] Simple string check found a possible female MP name '김정', but `conf.describe` confirms no female MP speaker was there:

2004-07-15_17.248.03.21.pdf


---
2022-11-12 19:37:45
[Skipped] Simple string check found a possible female MP name '한명숙', but `conf.describe` confirms no female MP speaker was there:

2004-11-22_17.250.11.323.pdf


---
2022-11-12 19:40:27
[Skipped] Simple string check found a possible female MP name '이영', but `conf.describe` confirms no female MP speaker was there:

2004-10-21_17.250.33.331.pdf


---
2022-11-12 19:44:04
[Skipped] Simple string check found a possible female MP name '전여옥', but `conf.describe` confirms no female MP speaker was there:

2004-11-26_17.250.12.323.pdf


---
2022-11-12 19:44:25
[Skipped] Simple string check found a possible female MP name '유승희', but `conf.describe` confirms no female MP speaker was there:

2004-07-07_17.248.02.322.pdf


---
2022-11-12 19:44:53
[Skipped] Simple string check found a possible female MP name '이영', but `conf.describe` confirms no female MP speaker was there:

2004-10-11_17.250.53.331.pdf


---
2022-11-12 19:46:27
[Skipped] Simple string check found a possible female MP name '진수희', but `conf.describe` confirms no female MP speaker was there:

2004-12-08_17.250.12.329.pdf


---
2022-11-12 19:46:28
[Skipped] Simple string check found a possible female MP name '최순영', but `conf.describe` confirms no female MP speaker was there:

2004-11-24_17.250.08.329.pdf


---
2022-11-12 19:53:58
[Skipped] Simple string check found a possible female MP name '이영', but `conf.describe` confirms no female MP speaker was there:

2004-11-26_17.250.09.331.pdf


---
2022-11-12 19:54:37
[Skipped] Simple string check found a possible female MP name '한명숙', but `conf.describe` confirms no female MP speaker was there:

2004-12-03_17.250.14.323.pdf


---
2022-11-12 19:55:43
[Skipped] Simple string check found a possible female MP name '한명숙', but `conf.describe` confirms no female MP speaker was there:

2004-12-06_17.250.15.323.pdf


---
2022-11-12 19:55:43
[Skipped] Simple string check found a possible female MP name '박근혜', but `conf.describe` confirms no female MP speaker was there:

2004-02-11_16.245.01.322.pdf


---
2022-11-12 19:56:19
[Skipped] Simple string check found a possible female MP name '최순영', but `conf.describe` confirms no female MP speaker was there:

2004-12-06_17.250.10.329.pdf


---
2022-11-12 19:56:19
[Skipped] Simple string check found a possible female MP name '전여옥', but `conf.describe` confirms no female MP speaker was there:

2004-12-07_17.250.16.323.pdf


---
2022-11-12 19:57:07
[Skipped] Simple string check found a possible female MP name '이영', but `conf.describe` confirms no female MP speaker was there:

2004-12-01_17.250.11.331.pdf


---
2022-11-12 19:57:34
[Skipped] Simple string check found a possible female MP name '최순영', but `conf.describe` confirms no female MP speaker was there:

2004-12-07_17.250.11.329.pdf


---
2022-11-12 19:59:03
[Skipped] Simple string check found a possible female MP name '최순영', but `conf.describe` confirms no female MP speaker was there:

2004-11-19_17.250.06.329.pdf


---
2022-11-12 19:59:27
[Skipped] Simple string check found a possible female MP name '최순영', but `conf.describe` confirms no female MP speaker was there:

2004-10-19_17.250.32.329.pdf


---
2022-11-12 19:59:43
[Skipped] Simple string check found a possible female MP name '한명숙', but `conf.describe` confirms no female MP speaker was there:

2004-10-19_17.250.31.323.pdf


---
2022-11-12 20:01:25
[Skipped] Simple string check found a possible female MP name '김정', but `conf.describe` confirms no female MP speaker was there:

2004-11-19_17.250.05.21.pdf


---
2022-11-12 20:02:35
[Skipped] Simple string check found a possible female MP name '유승희', but `conf.describe` confirms no female MP speaker was there:

2004-07-08_17.248.03.322.pdf


---
2022-11-12 20:03:51
[Skipped] Simple string check found a possible female MP name '이영', but `conf.describe` confirms no female MP speaker was there:

2004-10-22_17.250.34.331.pdf


---
2022-11-12 20:04:20
[Skipped] Simple string check found a possible female MP name '이영', but `conf.describe` confirms no female MP speaker was there:

2004-10-11_17.250.31.331.pdf


---
2022-11-12 20:04:47
[Skipped] Simple string check found a possible female MP name '최순영', but `conf.describe` confirms no female MP speaker was there:

2004-10-21_17.250.33.329.pdf


---
2022-11-12 20:04:47
[Skipped] Simple string check found a possible female MP name '한명숙', but `conf.describe` confirms no female MP speaker was there:

2004-11-18_17.250.10.323.pdf


---
2022-11-12 20:06:57
[Skipped] Simple string check found a possible female MP name '최순영', but `conf.describe` confirms no female MP speaker was there:

2004-11-18_17.250.05.329.pdf


---
2022-11-12 20:07:16
[Skipped] Simple string check found a possible female MP name '조배숙', but `conf.describe` confirms no female MP speaker was there:

2004-12-27_17.251.04.329.pdf


---
2022-11-12 20:10:59
[Skipped] Simple string check found a possible female MP name '최순영', but `conf.describe` confirms no female MP speaker was there:

2004-11-25_17.250.09.329.pdf


